[INIT GOAL] G0: Perform Autonomous Package Delivery
	Children: G1, G2
	Tasks: none
	Type: achieve
	Relation to children: and
	Execution detail: sequence
	[TRACE]: [G0] Emits module: G0
	[TRACE] G0.AND -> G0_achievable 
	[FORMULA DEFINITION] G0_achievable; guard statement: G1_achievable * G2_achievable
		[PRISM emitted statement]: formula G0_achievable = G1_achievable * G2_achievable;
	[VARIABLE DEFINITION] G0_pursued; initial value: 0; upper bound: 1; type: int
	[VARIABLE DEFINITION] G0_achieved; initial value: 0; upper bound: 1; type: int
	[PURSUE GENERATION] G0 - STEP 1
		[DEFAULT PURSUE CONDITION] [pursue_G0] G0_pursued=0 & G0_achieved=0
		[UPDATE] (G0_pursued'=1)
	[PURSUE GENERATION] G1 - STEP 1
		[DEFAULT PURSUE CONDITION] [pursue_G1] G0_pursued=1 & G0_achieved=0
		[UPDATE] true
		PRISM statement: [pursue_G1] G0_pursued=1 & G0_achieved=0 -> true
	[END OF STEP 1]
	[PURSUE GENERATION] G2 - STEP 1
		[DEFAULT PURSUE CONDITION] [pursue_G2] G0_pursued=1 & G0_achieved=0
		[UPDATE] true
		PRISM statement: [pursue_G2] G0_pursued=1 & G0_achieved=0 -> true
	[END OF STEP 1]
	[PURSUE GENERATION] G0 - STEP 2
		[EXECUTION DETAIL: SKIP] Skipping condition generation for itself on runtime guard generation step
		PRISM statement: [pursue_G0] G0_pursued=0 & G0_achieved=0 -> (G0_pursued'=1)
	[END OF STEP 2]
	[PURSUE GENERATION] G1 - STEP 2
		[TRACE] G1: and goal detected
		[TRACE] G1: sequence execution detail detected
		[EXECUTION DETAIL: SEQUENCE] G0: Curr G1;
			[LEFT GOALS] - should be achieved:  none
			[RIGHT GOALS] - should be not achieved: G2
		PRISM statement: [pursue_G1] G0_pursued=1 & G0_achieved=0 & G1_achieved=0 -> true
	[END OF STEP 2]
	[PURSUE GENERATION] G2 - STEP 2
		[TRACE] G2: and goal detected
		[TRACE] G2: sequence execution detail detected
		[EXECUTION DETAIL: SEQUENCE] G0: Curr G2;
			[LEFT GOALS] - should be achieved:  G1
			[RIGHT GOALS] - should be not achieved: 
		PRISM statement: [pursue_G2] G0_pursued=1 & G0_achieved=0 & G1_achieved=1 -> true
	[END OF STEP 2]
		[TRACE] G0: no activation context guard detected
		[EXECUTION DETAIL: CONTEXT] Guard statement: G0 has no activation context
		PRISM statement: [pursue_G0] G0_pursued=0 & G0_achieved=0 -> (G0_pursued'=1)
	[END OF STEP 3]
		[TRACE] G1: no activation context guard detected
		[EXECUTION DETAIL: CONTEXT] Guard statement: G1 has no activation context
		PRISM statement: [pursue_G1] G0_pursued=1 & G0_achieved=0 & G1_achieved=0 -> true
	[END OF STEP 3]
		[TRACE] G2: no activation context guard detected
		[EXECUTION DETAIL: CONTEXT] Guard statement: G2 has no activation context
		PRISM statement: [pursue_G2] G0_pursued=1 & G0_achieved=0 & G1_achieved=1 -> true
	[END OF STEP 3]
	[END OF PURSUE]
	[END OF PURSUE]
	[END OF PURSUE]
	[ACHIEVE] Goal G0 achieved label
		[CONDITION] G0_pursued=1 & (G1_achieved=1 & G2_achieved=1)
		[UPDATE] (G0_pursued'=0) & (G0_achieved'=1);
		PRISM statement: [achieved_G0] G0_pursued=1 & (G1_achieved=1 & G2_achieved=1) -> (G0_pursued'=0) & (G0_achieved'=1);
	[END OF ACHIEVE]
	[SKIP] Goal G0 skipped label
		[CONDITION] G0_pursued=1 & G1_pursued=0 & G2_pursued=0
		[UPDATE] (G0_pursued'=0);
		PRISM statement: [skip_G0] G0_pursued=1 & G1_pursued=0 & G2_pursued=0 -> (G0_pursued'=0);
	[END OF SKIP]
[INIT GOAL] G1: Navigate
	Children: none
	Tasks: T1, T2
	Type: achieve
	Relation to children: and
	Execution detail: sequence
	[TRACE]: [G1] Emits module: G1
	[TRACE] G1.AND -> G1_achievable 
	[FORMULA DEFINITION] G1_achievable; guard statement: T1_achievable * T2_achievable
		[PRISM emitted statement]: formula G1_achievable = T1_achievable * T2_achievable;
	[VARIABLE DEFINITION] G1_pursued; initial value: 0; upper bound: 1; type: int
	[VARIABLE DEFINITION] G1_achieved; initial value: 0; upper bound: 1; type: int
	[PURSUE GENERATION] G1 - STEP 1
		[DEFAULT PURSUE CONDITION] [pursue_G1] G1_pursued=0 & G1_achieved=0
		[UPDATE] (G1_pursued'=1)
	[PURSUE GENERATION] T1 - STEP 1
		[DEFAULT PURSUE CONDITION] [pursue_T1] G1_pursued=1 & G1_achieved=0
		[UPDATE] true
		PRISM statement: [pursue_T1] G1_pursued=1 & G1_achieved=0 -> true
	[END OF STEP 1]
	[PURSUE GENERATION] T2 - STEP 1
		[DEFAULT PURSUE CONDITION] [pursue_T2] G1_pursued=1 & G1_achieved=0
		[UPDATE] true
		PRISM statement: [pursue_T2] G1_pursued=1 & G1_achieved=0 -> true
	[END OF STEP 1]
	[PURSUE GENERATION] G1 - STEP 2
		[EXECUTION DETAIL: SKIP] Skipping condition generation for itself on runtime guard generation step
		PRISM statement: [pursue_G1] G1_pursued=0 & G1_achieved=0 -> (G1_pursued'=1)
	[END OF STEP 2]
	[PURSUE GENERATION] T1 - STEP 2
		[TRACE] T1: and goal detected
		[TRACE] T1: sequence execution detail detected
		[EXECUTION DETAIL: SEQUENCE] G1: Curr T1;
			[LEFT GOALS] - should be achieved:  none
			[RIGHT GOALS] - should be not achieved: T2
		PRISM statement: [pursue_T1] G1_pursued=1 & G1_achieved=0 & T1_achieved=0 -> true
	[END OF STEP 2]
	[PURSUE GENERATION] T2 - STEP 2
		[TRACE] T2: and goal detected
		[TRACE] T2: sequence execution detail detected
		[EXECUTION DETAIL: SEQUENCE] G1: Curr T2;
			[LEFT GOALS] - should be achieved:  T1
			[RIGHT GOALS] - should be not achieved: 
		PRISM statement: [pursue_T2] G1_pursued=1 & G1_achieved=0 & T1_achieved=1 -> true
	[END OF STEP 2]
		[TRACE] G1: no activation context guard detected
		[EXECUTION DETAIL: CONTEXT] Guard statement: G1 has no activation context
		PRISM statement: [pursue_G1] G1_pursued=0 & G1_achieved=0 -> (G1_pursued'=1)
	[END OF STEP 3]
		[TRACE] T1: no activation context guard detected
		[EXECUTION DETAIL: CONTEXT] Guard statement: T1 has no activation context
		PRISM statement: [pursue_T1] G1_pursued=1 & G1_achieved=0 & T1_achieved=0 -> true
	[END OF STEP 3]
		[TRACE] T2: no activation context guard detected
		[EXECUTION DETAIL: CONTEXT] Guard statement: T2 has no activation context
		PRISM statement: [pursue_T2] G1_pursued=1 & G1_achieved=0 & T1_achieved=1 -> true
	[END OF STEP 3]
	[END OF PURSUE]
	[END OF PURSUE]
	[END OF PURSUE]
	[ACHIEVE] Goal G1 achieved label
		[CONDITION] G1_pursued=1 & (T1_achieved=1 & T2_achieved=1)
		[UPDATE] (G1_pursued'=0) & (G1_achieved'=1);
		PRISM statement: [achieved_G1] G1_pursued=1 & (T1_achieved=1 & T2_achieved=1) -> (G1_pursued'=0) & (G1_achieved'=1);
	[END OF ACHIEVE]
	[SKIP] Goal G1 skipped label
		[CONDITION] G1_pursued=1 & T1_pursued=0 & T2_pursued=0
		[UPDATE] (G1_pursued'=0);
		PRISM statement: [skip_G1] G1_pursued=1 & T1_pursued=0 & T2_pursued=0 -> (G1_pursued'=0);
	[END OF SKIP]
[INIT GOAL] G2: Deliver Package
	Children: none
	Tasks: T3
	Type: achieve
	Relation to children: and
	Execution detail: none
	[TRACE]: [G2] Emits module: G2
	[TRACE] G2.SINGLE_GOAL -> G2_achievable 
	[FORMULA DEFINITION] G2_achievable; guard statement: T3_achievable
		[PRISM emitted statement]: formula G2_achievable = T3_achievable;
	[VARIABLE DEFINITION] G2_pursued; initial value: 0; upper bound: 1; type: int
	[VARIABLE DEFINITION] G2_achieved; initial value: 0; upper bound: 1; type: int
	[PURSUE GENERATION] G2 - STEP 1
		[DEFAULT PURSUE CONDITION] [pursue_G2] G2_pursued=0 & G2_achieved=0
		[UPDATE] (G2_pursued'=1)
	[PURSUE GENERATION] T3 - STEP 1
		[DEFAULT PURSUE CONDITION] [pursue_T3] G2_pursued=1 & G2_achieved=0
		[UPDATE] true
		PRISM statement: [pursue_T3] G2_pursued=1 & G2_achieved=0 -> true
	[END OF STEP 1]
	[PURSUE GENERATION] G2 - STEP 2
		[EXECUTION DETAIL: SKIP] Skipping condition generation for itself on runtime guard generation step
		PRISM statement: [pursue_G2] G2_pursued=0 & G2_achieved=0 -> (G2_pursued'=1)
	[END OF STEP 2]
	[PURSUE GENERATION] T3 - STEP 2
		[TRACE] T3: and goal detected
		[EXECUTION DETAIL: SKIP] Skipping condition generation for T3 on runtime guard generation step, no execution detail
		PRISM statement: [pursue_T3] G2_pursued=1 & G2_achieved=0 -> true
	[END OF STEP 2]
		[TRACE] G2: no activation context guard detected
		[EXECUTION DETAIL: CONTEXT] Guard statement: G2 has no activation context
		PRISM statement: [pursue_G2] G2_pursued=0 & G2_achieved=0 -> (G2_pursued'=1)
	[END OF STEP 3]
		[TRACE] T3: no activation context guard detected
		[EXECUTION DETAIL: CONTEXT] Guard statement: T3 has no activation context
		PRISM statement: [pursue_T3] G2_pursued=1 & G2_achieved=0 -> true
	[END OF STEP 3]
	[END OF PURSUE]
	[END OF PURSUE]
	[ACHIEVE] Goal G2 achieved label
		[CONDITION] G2_pursued=1 & (T3_achieved=1)
		[UPDATE] (G2_pursued'=0) & (G2_achieved'=1);
		PRISM statement: [achieved_G2] G2_pursued=1 & (T3_achieved=1) -> (G2_pursued'=0) & (G2_achieved'=1);
	[END OF ACHIEVE]
	[SKIP] Goal G2 skipped label
		[CONDITION] G2_pursued=1 & T3_pursued=0
		[UPDATE] (G2_pursued'=0);
		PRISM statement: [skip_G2] G2_pursued=1 & T3_pursued=0 -> (G2_pursued'=0);
	[END OF SKIP]
[CHANGE MANAGER MODULE START]
	[TASK ACHIEVABILITY CONSTANT] T1: T1_achievable = 0.9
	[TASK ACHIEVABILITY CONSTANT] T2: T2_achievable = 0.7
	[TASK ACHIEVABILITY CONSTANT] T3: T3_achievable = 0.8
[INIT TASK] T1: Acquire GPS
	Resources: none
	[VARIABLE DEFINITION] T1_pursued; initial value: 0; upper bound: 1; type: int
	[VARIABLE DEFINITION] T1_achieved; initial value: 0; upper bound: 1; type: int
	[PURSUE] Task T1 PURSUE label
		[CONDITION] T1_pursued=0 & T1_achieved=0
		[UPDATE] (T1_pursued'=1)
		PRISM statement: [pursue_T1] T1_pursued=0 & T1_achieved=0 -> (T1_pursued'=1);
	[END OF PURSUE]
	[TRY] Task T1 TRY label
		[CONDITION] [try_T1] T1_pursued=1 & T1_achieved=0
		[UPDATE] T1_achievable: (T1_achieved'=1) + 1-T1_achievable: (T1_pursued'=0);
		PRISM statement: [try_T1] T1_pursued=1 & T1_achieved=0 -> T1_achievable: (T1_achieved'=1) + 1-T1_achievable: (T1_pursued'=0);
	[END OF TRY]
	[ACHIEVE] Task T1 ACHIEVE label
		[CONDITION] T1_pursued=1 & T1_achieved=1
		[UPDATE] true
		PRISM statement: [achieved_T1] T1_pursued=1 & T1_achieved=1 -> true;
	[END OF ACHIEVE]
[INIT TASK] T2: Follow waypoint
	Resources: none
	[VARIABLE DEFINITION] T2_pursued; initial value: 0; upper bound: 1; type: int
	[VARIABLE DEFINITION] T2_achieved; initial value: 0; upper bound: 1; type: int
	[PURSUE] Task T2 PURSUE label
		[CONDITION] T2_pursued=0 & T2_achieved=0
		[UPDATE] (T2_pursued'=1)
		PRISM statement: [pursue_T2] T2_pursued=0 & T2_achieved=0 -> (T2_pursued'=1);
	[END OF PURSUE]
	[TRY] Task T2 TRY label
		[CONDITION] [try_T2] T2_pursued=1 & T2_achieved=0
		[UPDATE] T2_achievable: (T2_achieved'=1) + 1-T2_achievable: (T2_pursued'=0);
		PRISM statement: [try_T2] T2_pursued=1 & T2_achieved=0 -> T2_achievable: (T2_achieved'=1) + 1-T2_achievable: (T2_pursued'=0);
	[END OF TRY]
	[ACHIEVE] Task T2 ACHIEVE label
		[CONDITION] T2_pursued=1 & T2_achieved=1
		[UPDATE] true
		PRISM statement: [achieved_T2] T2_pursued=1 & T2_achieved=1 -> true;
	[END OF ACHIEVE]
[INIT TASK] T3: Drop package
	Resources: none
	[VARIABLE DEFINITION] T3_pursued; initial value: 0; upper bound: 1; type: int
	[VARIABLE DEFINITION] T3_achieved; initial value: 0; upper bound: 1; type: int
	[PURSUE] Task T3 PURSUE label
		[CONDITION] T3_pursued=0 & T3_achieved=0
		[UPDATE] (T3_pursued'=1)
		PRISM statement: [pursue_T3] T3_pursued=0 & T3_achieved=0 -> (T3_pursued'=1);
	[END OF PURSUE]
	[TRY] Task T3 TRY label
		[CONDITION] [try_T3] T3_pursued=1 & T3_achieved=0
		[UPDATE] T3_achievable: (T3_achieved'=1) + 1-T3_achievable: (T3_pursued'=0);
		PRISM statement: [try_T3] T3_pursued=1 & T3_achieved=0 -> T3_achievable: (T3_achieved'=1) + 1-T3_achievable: (T3_pursued'=0);
	[END OF TRY]
	[ACHIEVE] Task T3 ACHIEVE label
		[CONDITION] T3_pursued=1 & T3_achieved=1
		[UPDATE] true
		PRISM statement: [achieved_T3] T3_pursued=1 & T3_achieved=1 -> true;
	[END OF ACHIEVE]
[INIT SYSTEM MODULE]
----------------------------------------
[LOGGER SUMMARY] examples/deliveryDrone/1-minimal.txt
[ELAPSED TIME] 7ms
----------MODEL STRUCTURE SUMMARY----------
[TOTAL GOALS] 3
[TOTAL TASKS] 3
[TOTAL RESOURCES] 0
[TOTAL NODES] 6
[TOTAL VARIABLES] 12
----------GOAL TYPE BREAKDOWN----------
[GOAL TYPE: DEGRADATION] 0
[GOAL TYPE: CHOICE] 0
[GOAL TYPE: ALTERNATIVE] 0
[GOAL TYPE: SEQUENCE] 2
[GOAL TYPE: INTERLEAVED] 0
----------GOAL SUMMARY----------
[GOAL MODULES] 3
[GOAL VARIABLES] 6
[GOAL PURSUE LINES] 8
[GOAL ACHIEVED LINES] 3
[GOAL SKIPPED LINES] 3
[GOAL ACHIEVABILITY FORMULAS] 3
[GOAL MAINTAIN FORMULAS] 0
----------CHANGE MANAGER SUMMARY----------
[TASKS VARIABLES] 6
[TASKS LABELS] 9
[TASKS TRY LINES] 3
[TASKS FAILED LINES] 0
[TASKS ACHIEVED LINES] 3
[TASKS SKIPPED LINES] 3
[TASKS ACHIEVABILITY CONSTANTS] 3
----------SYSTEM SUMMARY----------
[SYSTEM VARIABLES] 0
[SYSTEM RESOURCES] 0
[SYSTEM CONTEXT VARIABLES] 0
----------------------------------------

==========================================
MEMORY USAGE
Generated at: Tue Nov 25 20:31:12 UTC 2025
----------------------------------------
Memory usage: 368 MB
==========================================
