[INIT GOAL] G0: Perform Autonomous Package Delivery
	Children: G1, G2, G3
	Tasks: none
	Type: achieve
	Relation to children: and
	Execution detail: sequence
	[TRACE]: [G0] Emits module: G0
	[TRACE] G0.AND -> G0_achievable 
	[FORMULA DEFINITION] G0_achievable; guard statement: G1_achievable * G2_achievable * G3_achievable
		[PRISM emitted statement]: formula G0_achievable = G1_achievable * G2_achievable * G3_achievable;
	[VARIABLE DEFINITION] G0_pursued; initial value: 0; upper bound: 1; type: int
	[VARIABLE DEFINITION] G0_achieved; initial value: 0; upper bound: 1; type: int
	[PURSUE GENERATION] G0 - STEP 1
		[DEFAULT PURSUE CONDITION] [pursue_G0] G0_pursued=0 & G0_achieved=0
		[UPDATE] (G0_pursued'=1)
	[PURSUE GENERATION] G1 - STEP 1
		[DEFAULT PURSUE CONDITION] [pursue_G1] G0_pursued=1 & G0_achieved=0
		[UPDATE] true
		PRISM statement: [pursue_G1] G0_pursued=1 & G0_achieved=0 -> true
	[END OF STEP 1]
	[PURSUE GENERATION] G2 - STEP 1
		[DEFAULT PURSUE CONDITION] [pursue_G2] G0_pursued=1 & G0_achieved=0
		[UPDATE] true
		PRISM statement: [pursue_G2] G0_pursued=1 & G0_achieved=0 -> true
	[END OF STEP 1]
	[PURSUE GENERATION] G3 - STEP 1
		[DEFAULT PURSUE CONDITION] [pursue_G3] G0_pursued=1 & G0_achieved=0
		[UPDATE] true
		PRISM statement: [pursue_G3] G0_pursued=1 & G0_achieved=0 -> true
	[END OF STEP 1]
	[PURSUE GENERATION] G0 - STEP 2
		[EXECUTION DETAIL: SKIP] Skipping condition generation for itself on runtime guard generation step
		PRISM statement: [pursue_G0] G0_pursued=0 & G0_achieved=0 -> (G0_pursued'=1)
	[END OF STEP 2]
	[PURSUE GENERATION] G1 - STEP 2
		[TRACE] G1: and goal detected
		[TRACE] G1: sequence execution detail detected
		[EXECUTION DETAIL: SEQUENCE] G0: Curr G1;
			[LEFT GOALS] - should be achieved:  none
			[RIGHT GOALS] - should be not achieved: G2, G3
		PRISM statement: [pursue_G1] G0_pursued=1 & G0_achieved=0 & G1_achieved=0 -> true
	[END OF STEP 2]
	[PURSUE GENERATION] G2 - STEP 2
		[TRACE] G2: and goal detected
		[TRACE] G2: sequence execution detail detected
		[EXECUTION DETAIL: SEQUENCE] G0: Curr G2;
			[LEFT GOALS] - should be achieved:  G1
			[RIGHT GOALS] - should be not achieved: G3
		PRISM statement: [pursue_G2] G0_pursued=1 & G0_achieved=0 & G1_achieved=1 & G3_achieved=0 -> true
	[END OF STEP 2]
	[PURSUE GENERATION] G3 - STEP 2
		[TRACE] G3: and goal detected
		[TRACE] G3: sequence execution detail detected
		[EXECUTION DETAIL: SEQUENCE] G0: Curr G3;
			[LEFT GOALS] - should be achieved:  G1, G2
			[RIGHT GOALS] - should be not achieved: 
		PRISM statement: [pursue_G3] G0_pursued=1 & G0_achieved=0 & G1_achieved=1 & G2_achieved=1 -> true
	[END OF STEP 2]
		[TRACE] G0: no activation context guard detected
		[EXECUTION DETAIL: CONTEXT] Guard statement: G0 has no activation context
		PRISM statement: [pursue_G0] G0_pursued=0 & G0_achieved=0 -> (G0_pursued'=1)
	[END OF STEP 3]
		[TRACE] G1: no activation context guard detected
		[EXECUTION DETAIL: CONTEXT] Guard statement: G1 has no activation context
		PRISM statement: [pursue_G1] G0_pursued=1 & G0_achieved=0 & G1_achieved=0 -> true
	[END OF STEP 3]
		[TRACE] G2: no activation context guard detected
		[EXECUTION DETAIL: CONTEXT] Guard statement: G2 has no activation context
		PRISM statement: [pursue_G2] G0_pursued=1 & G0_achieved=0 & G1_achieved=1 & G3_achieved=0 -> true
	[END OF STEP 3]
		[TRACE] G3: no activation context guard detected
		[EXECUTION DETAIL: CONTEXT] Guard statement: G3 has no activation context
		PRISM statement: [pursue_G3] G0_pursued=1 & G0_achieved=0 & G1_achieved=1 & G2_achieved=1 -> true
	[END OF STEP 3]
	[END OF PURSUE]
	[END OF PURSUE]
	[END OF PURSUE]
	[END OF PURSUE]
	[ACHIEVE] Goal G0 achieved label
		[CONDITION] G0_pursued=1 & (G1_achieved=1 & G2_achieved=1 & G3_achieved=1)
		[UPDATE] (G0_pursued'=0) & (G0_achieved'=1);
		PRISM statement: [achieved_G0] G0_pursued=1 & (G1_achieved=1 & G2_achieved=1 & G3_achieved=1) -> (G0_pursued'=0) & (G0_achieved'=1);
	[END OF ACHIEVE]
	[SKIP] Goal G0 skipped label
		[CONDITION] G0_pursued=1 & G1_pursued=0 & G2_pursued=0 & G3_pursued=0
		[UPDATE] (G0_pursued'=0);
		PRISM statement: [skip_G0] G0_pursued=1 & G1_pursued=0 & G2_pursued=0 & G3_pursued=0 -> (G0_pursued'=0);
	[END OF SKIP]
[INIT GOAL] G1: Navigate
	Children: none
	Tasks: T1, T2
	Type: achieve
	Relation to children: and
	Execution detail: sequence
	[TRACE]: [G1] Emits module: G1
	[TRACE] G1.AND -> G1_achievable 
	[FORMULA DEFINITION] G1_achievable; guard statement: T1_achievable * T2_achievable
		[PRISM emitted statement]: formula G1_achievable = T1_achievable * T2_achievable;
	[VARIABLE DEFINITION] G1_pursued; initial value: 0; upper bound: 1; type: int
	[VARIABLE DEFINITION] G1_achieved; initial value: 0; upper bound: 1; type: int
	[PURSUE GENERATION] G1 - STEP 1
		[DEFAULT PURSUE CONDITION] [pursue_G1] G1_pursued=0 & G1_achieved=0
		[UPDATE] (G1_pursued'=1)
	[PURSUE GENERATION] T1 - STEP 1
		[DEFAULT PURSUE CONDITION] [pursue_T1] G1_pursued=1 & G1_achieved=0
		[UPDATE] true
		PRISM statement: [pursue_T1] G1_pursued=1 & G1_achieved=0 -> true
	[END OF STEP 1]
	[PURSUE GENERATION] T2 - STEP 1
		[DEFAULT PURSUE CONDITION] [pursue_T2] G1_pursued=1 & G1_achieved=0
		[UPDATE] true
		PRISM statement: [pursue_T2] G1_pursued=1 & G1_achieved=0 -> true
	[END OF STEP 1]
	[PURSUE GENERATION] G1 - STEP 2
		[EXECUTION DETAIL: SKIP] Skipping condition generation for itself on runtime guard generation step
		PRISM statement: [pursue_G1] G1_pursued=0 & G1_achieved=0 -> (G1_pursued'=1)
	[END OF STEP 2]
	[PURSUE GENERATION] T1 - STEP 2
		[TRACE] T1: and goal detected
		[TRACE] T1: sequence execution detail detected
		[EXECUTION DETAIL: SEQUENCE] G1: Curr T1;
			[LEFT GOALS] - should be achieved:  none
			[RIGHT GOALS] - should be not achieved: T2
		PRISM statement: [pursue_T1] G1_pursued=1 & G1_achieved=0 & T1_achieved=0 -> true
	[END OF STEP 2]
	[PURSUE GENERATION] T2 - STEP 2
		[TRACE] T2: and goal detected
		[TRACE] T2: sequence execution detail detected
		[EXECUTION DETAIL: SEQUENCE] G1: Curr T2;
			[LEFT GOALS] - should be achieved:  T1
			[RIGHT GOALS] - should be not achieved: 
		PRISM statement: [pursue_T2] G1_pursued=1 & G1_achieved=0 & T1_achieved=1 -> true
	[END OF STEP 2]
		[TRACE] G1: no activation context guard detected
		[EXECUTION DETAIL: CONTEXT] Guard statement: G1 has no activation context
		PRISM statement: [pursue_G1] G1_pursued=0 & G1_achieved=0 -> (G1_pursued'=1)
	[END OF STEP 3]
		[TRACE] T1: no activation context guard detected
		[EXECUTION DETAIL: CONTEXT] Guard statement: T1 has no activation context
		PRISM statement: [pursue_T1] G1_pursued=1 & G1_achieved=0 & T1_achieved=0 -> true
	[END OF STEP 3]
		[TRACE] T2: no activation context guard detected
		[EXECUTION DETAIL: CONTEXT] Guard statement: T2 has no activation context
		PRISM statement: [pursue_T2] G1_pursued=1 & G1_achieved=0 & T1_achieved=1 -> true
	[END OF STEP 3]
	[END OF PURSUE]
	[END OF PURSUE]
	[END OF PURSUE]
	[ACHIEVE] Goal G1 achieved label
		[CONDITION] G1_pursued=1 & (T1_achieved=1 & T2_achieved=1)
		[UPDATE] (G1_pursued'=0) & (G1_achieved'=1);
		PRISM statement: [achieved_G1] G1_pursued=1 & (T1_achieved=1 & T2_achieved=1) -> (G1_pursued'=0) & (G1_achieved'=1);
	[END OF ACHIEVE]
	[SKIP] Goal G1 skipped label
		[CONDITION] G1_pursued=1 & T1_pursued=0 & T2_pursued=0
		[UPDATE] (G1_pursued'=0);
		PRISM statement: [skip_G1] G1_pursued=1 & T1_pursued=0 & T2_pursued=0 -> (G1_pursued'=0);
	[END OF SKIP]
[INIT GOAL] G2: Ensure safe flight
	Children: G4, G5
	Tasks: none
	Type: achieve
	Relation to children: or
	Execution detail: alternative
	[TRACE]: [G2] Emits module: G2
	[TRACE] G2.OR -> G2_achievable 
	[FORMULA DEFINITION] G2_achievable; guard statement: G4_achievable + G5_achievable - (G4_achievable * G5_achievable)
		[PRISM emitted statement]: formula G2_achievable = G4_achievable + G5_achievable - (G4_achievable * G5_achievable);
	[VARIABLE DEFINITION] G2_pursued; initial value: 0; upper bound: 1; type: int
	[VARIABLE DEFINITION] G2_achieved; initial value: 0; upper bound: 1; type: int
	[PURSUE GENERATION] G2 - STEP 1
		[DEFAULT PURSUE CONDITION] [pursue_G2] G2_pursued=0 & G2_achieved=0
		[UPDATE] (G2_pursued'=1)
	[PURSUE GENERATION] G4 - STEP 1
		[DEFAULT PURSUE CONDITION] [pursue_G4] G2_pursued=1 & G2_achieved=0
		[UPDATE] true
		PRISM statement: [pursue_G4] G2_pursued=1 & G2_achieved=0 -> true
	[END OF STEP 1]
	[PURSUE GENERATION] G5 - STEP 1
		[DEFAULT PURSUE CONDITION] [pursue_G5] G2_pursued=1 & G2_achieved=0
		[UPDATE] true
		PRISM statement: [pursue_G5] G2_pursued=1 & G2_achieved=0 -> true
	[END OF STEP 1]
	[PURSUE GENERATION] G2 - STEP 2
		[EXECUTION DETAIL: SKIP] Skipping condition generation for itself on runtime guard generation step
		PRISM statement: [pursue_G2] G2_pursued=0 & G2_achieved=0 -> (G2_pursued'=1)
	[END OF STEP 2]
	[PURSUE GENERATION] G4 - STEP 2
		[TRACE] G4: or goal detected
		[TRACE] G4: alternative execution detail detected
		[EXECUTION DETAIL: ALTERNATIVE GOAL] G4 other alternatives: G5
		PRISM statement: [pursue_G4] G2_pursued=1 & G2_achieved=0 & G5_pursued=0 -> true
	[END OF STEP 2]
	[PURSUE GENERATION] G5 - STEP 2
		[TRACE] G5: or goal detected
		[TRACE] G5: alternative execution detail detected
		[EXECUTION DETAIL: ALTERNATIVE GOAL] G5 other alternatives: G4
		PRISM statement: [pursue_G5] G2_pursued=1 & G2_achieved=0 & G4_pursued=0 -> true
	[END OF STEP 2]
		[TRACE] G2: no activation context guard detected
		[EXECUTION DETAIL: CONTEXT] Guard statement: G2 has no activation context
		PRISM statement: [pursue_G2] G2_pursued=0 & G2_achieved=0 -> (G2_pursued'=1)
	[END OF STEP 3]
		[TRACE] G4: no activation context guard detected
		[EXECUTION DETAIL: CONTEXT] Guard statement: G4 has no activation context
		PRISM statement: [pursue_G4] G2_pursued=1 & G2_achieved=0 & G5_pursued=0 -> true
	[END OF STEP 3]
		[TRACE] G5: no activation context guard detected
		[EXECUTION DETAIL: CONTEXT] Guard statement: G5 has no activation context
		PRISM statement: [pursue_G5] G2_pursued=1 & G2_achieved=0 & G4_pursued=0 -> true
	[END OF STEP 3]
	[END OF PURSUE]
	[END OF PURSUE]
	[END OF PURSUE]
	[ACHIEVE] Goal G2 achieved label
		[CONDITION] G2_pursued=1 & (G4_achieved=1 | G5_achieved=1)
		[UPDATE] (G2_pursued'=0) & (G2_achieved'=1);
		PRISM statement: [achieved_G2] G2_pursued=1 & (G4_achieved=1 | G5_achieved=1) -> (G2_pursued'=0) & (G2_achieved'=1);
	[END OF ACHIEVE]
	[SKIP] Goal G2 skipped label
		[CONDITION] G2_pursued=1 & G4_pursued=0 & G5_pursued=0
		[UPDATE] (G2_pursued'=0);
		PRISM statement: [skip_G2] G2_pursued=1 & G4_pursued=0 & G5_pursued=0 -> (G2_pursued'=0);
	[END OF SKIP]
[INIT GOAL] G3: Deliver package
	Children: none
	Tasks: T5
	Type: achieve
	Relation to children: and
	Execution detail: none
	[TRACE]: [G3] Emits module: G3
	[TRACE] G3.SINGLE_GOAL -> G3_achievable 
	[FORMULA DEFINITION] G3_achievable; guard statement: T5_achievable
		[PRISM emitted statement]: formula G3_achievable = T5_achievable;
	[VARIABLE DEFINITION] G3_pursued; initial value: 0; upper bound: 1; type: int
	[VARIABLE DEFINITION] G3_achieved; initial value: 0; upper bound: 1; type: int
	[PURSUE GENERATION] G3 - STEP 1
		[DEFAULT PURSUE CONDITION] [pursue_G3] G3_pursued=0 & G3_achieved=0
		[UPDATE] (G3_pursued'=1)
	[PURSUE GENERATION] T5 - STEP 1
		[DEFAULT PURSUE CONDITION] [pursue_T5] G3_pursued=1 & G3_achieved=0
		[UPDATE] true
		PRISM statement: [pursue_T5] G3_pursued=1 & G3_achieved=0 -> true
	[END OF STEP 1]
	[PURSUE GENERATION] G3 - STEP 2
		[EXECUTION DETAIL: SKIP] Skipping condition generation for itself on runtime guard generation step
		PRISM statement: [pursue_G3] G3_pursued=0 & G3_achieved=0 -> (G3_pursued'=1)
	[END OF STEP 2]
	[PURSUE GENERATION] T5 - STEP 2
		[TRACE] T5: and goal detected
		[EXECUTION DETAIL: SKIP] Skipping condition generation for T5 on runtime guard generation step, no execution detail
		PRISM statement: [pursue_T5] G3_pursued=1 & G3_achieved=0 -> true
	[END OF STEP 2]
		[TRACE] G3: no activation context guard detected
		[EXECUTION DETAIL: CONTEXT] Guard statement: G3 has no activation context
		PRISM statement: [pursue_G3] G3_pursued=0 & G3_achieved=0 -> (G3_pursued'=1)
	[END OF STEP 3]
		[TRACE] T5: no activation context guard detected
		[EXECUTION DETAIL: CONTEXT] Guard statement: T5 has no activation context
		PRISM statement: [pursue_T5] G3_pursued=1 & G3_achieved=0 -> true
	[END OF STEP 3]
	[END OF PURSUE]
	[END OF PURSUE]
	[ACHIEVE] Goal G3 achieved label
		[CONDITION] G3_pursued=1 & (T5_achieved=1)
		[UPDATE] (G3_pursued'=0) & (G3_achieved'=1);
		PRISM statement: [achieved_G3] G3_pursued=1 & (T5_achieved=1) -> (G3_pursued'=0) & (G3_achieved'=1);
	[END OF ACHIEVE]
	[SKIP] Goal G3 skipped label
		[CONDITION] G3_pursued=1 & T5_pursued=0
		[UPDATE] (G3_pursued'=0);
		PRISM statement: [skip_G3] G3_pursued=1 & T5_pursued=0 -> (G3_pursued'=0);
	[END OF SKIP]
[INIT GOAL] G4: Visual avoidance
	Children: none
	Tasks: T3
	Type: achieve
	Relation to children: and
	Execution detail: none
	[TRACE]: [G4] Emits module: G4
	[TRACE] G4.SINGLE_GOAL -> G4_achievable 
	[FORMULA DEFINITION] G4_achievable; guard statement: T3_achievable
		[PRISM emitted statement]: formula G4_achievable = T3_achievable;
	[VARIABLE DEFINITION] G4_pursued; initial value: 0; upper bound: 1; type: int
	[VARIABLE DEFINITION] G4_achieved; initial value: 0; upper bound: 1; type: int
	[PURSUE GENERATION] G4 - STEP 1
		[DEFAULT PURSUE CONDITION] [pursue_G4] G4_pursued=0 & G4_achieved=0
		[UPDATE] (G4_pursued'=1)
	[PURSUE GENERATION] T3 - STEP 1
		[DEFAULT PURSUE CONDITION] [pursue_T3] G4_pursued=1 & G4_achieved=0
		[UPDATE] true
		PRISM statement: [pursue_T3] G4_pursued=1 & G4_achieved=0 -> true
	[END OF STEP 1]
	[PURSUE GENERATION] G4 - STEP 2
		[EXECUTION DETAIL: SKIP] Skipping condition generation for itself on runtime guard generation step
		PRISM statement: [pursue_G4] G4_pursued=0 & G4_achieved=0 -> (G4_pursued'=1)
	[END OF STEP 2]
	[PURSUE GENERATION] T3 - STEP 2
		[TRACE] T3: and goal detected
		[EXECUTION DETAIL: SKIP] Skipping condition generation for T3 on runtime guard generation step, no execution detail
		PRISM statement: [pursue_T3] G4_pursued=1 & G4_achieved=0 -> true
	[END OF STEP 2]
		[TRACE] G4: no activation context guard detected
		[EXECUTION DETAIL: CONTEXT] Guard statement: G4 has no activation context
		PRISM statement: [pursue_G4] G4_pursued=0 & G4_achieved=0 -> (G4_pursued'=1)
	[END OF STEP 3]
		[TRACE] T3: no activation context guard detected
		[EXECUTION DETAIL: CONTEXT] Guard statement: T3 has no activation context
		PRISM statement: [pursue_T3] G4_pursued=1 & G4_achieved=0 -> true
	[END OF STEP 3]
	[END OF PURSUE]
	[END OF PURSUE]
	[ACHIEVE] Goal G4 achieved label
		[CONDITION] G4_pursued=1 & (T3_achieved=1)
		[UPDATE] (G4_pursued'=0) & (G4_achieved'=1);
		PRISM statement: [achieved_G4] G4_pursued=1 & (T3_achieved=1) -> (G4_pursued'=0) & (G4_achieved'=1);
	[END OF ACHIEVE]
	[SKIP] Goal G4 skipped label
		[CONDITION] G4_pursued=1 & T3_pursued=0
		[UPDATE] (G4_pursued'=0);
		PRISM statement: [skip_G4] G4_pursued=1 & T3_pursued=0 -> (G4_pursued'=0);
	[END OF SKIP]
[INIT GOAL] G5: Lidar Avoidance
	Children: none
	Tasks: T4
	Type: achieve
	Relation to children: and
	Execution detail: none
	[TRACE]: [G5] Emits module: G5
	[TRACE] G5.SINGLE_GOAL -> G5_achievable 
	[FORMULA DEFINITION] G5_achievable; guard statement: T4_achievable
		[PRISM emitted statement]: formula G5_achievable = T4_achievable;
	[VARIABLE DEFINITION] G5_pursued; initial value: 0; upper bound: 1; type: int
	[VARIABLE DEFINITION] G5_achieved; initial value: 0; upper bound: 1; type: int
	[PURSUE GENERATION] G5 - STEP 1
		[DEFAULT PURSUE CONDITION] [pursue_G5] G5_pursued=0 & G5_achieved=0
		[UPDATE] (G5_pursued'=1)
	[PURSUE GENERATION] T4 - STEP 1
		[DEFAULT PURSUE CONDITION] [pursue_T4] G5_pursued=1 & G5_achieved=0
		[UPDATE] true
		PRISM statement: [pursue_T4] G5_pursued=1 & G5_achieved=0 -> true
	[END OF STEP 1]
	[PURSUE GENERATION] G5 - STEP 2
		[EXECUTION DETAIL: SKIP] Skipping condition generation for itself on runtime guard generation step
		PRISM statement: [pursue_G5] G5_pursued=0 & G5_achieved=0 -> (G5_pursued'=1)
	[END OF STEP 2]
	[PURSUE GENERATION] T4 - STEP 2
		[TRACE] T4: and goal detected
		[EXECUTION DETAIL: SKIP] Skipping condition generation for T4 on runtime guard generation step, no execution detail
		PRISM statement: [pursue_T4] G5_pursued=1 & G5_achieved=0 -> true
	[END OF STEP 2]
		[TRACE] G5: no activation context guard detected
		[EXECUTION DETAIL: CONTEXT] Guard statement: G5 has no activation context
		PRISM statement: [pursue_G5] G5_pursued=0 & G5_achieved=0 -> (G5_pursued'=1)
	[END OF STEP 3]
		[TRACE] T4: no activation context guard detected
		[EXECUTION DETAIL: CONTEXT] Guard statement: T4 has no activation context
		PRISM statement: [pursue_T4] G5_pursued=1 & G5_achieved=0 -> true
	[END OF STEP 3]
	[END OF PURSUE]
	[END OF PURSUE]
	[ACHIEVE] Goal G5 achieved label
		[CONDITION] G5_pursued=1 & (T4_achieved=1)
		[UPDATE] (G5_pursued'=0) & (G5_achieved'=1);
		PRISM statement: [achieved_G5] G5_pursued=1 & (T4_achieved=1) -> (G5_pursued'=0) & (G5_achieved'=1);
	[END OF ACHIEVE]
	[SKIP] Goal G5 skipped label
		[CONDITION] G5_pursued=1 & T4_pursued=0
		[UPDATE] (G5_pursued'=0);
		PRISM statement: [skip_G5] G5_pursued=1 & T4_pursued=0 -> (G5_pursued'=0);
	[END OF SKIP]
[CHANGE MANAGER MODULE START]
	[TASK ACHIEVABILITY CONSTANT] T1: T1_achievable = 0.9
	[TASK ACHIEVABILITY CONSTANT] T2: T2_achievable = 0.7
	[TASK ACHIEVABILITY CONSTANT] T3: T3_achievable = 0.8
	[TASK ACHIEVABILITY CONSTANT] T4: T4_achievable = 0.7
	[TASK ACHIEVABILITY CONSTANT] T5: T5_achievable = 0.9
[INIT TASK] T1: Acquire GPS
	Resources: none
	[VARIABLE DEFINITION] T1_pursued; initial value: 0; upper bound: 1; type: int
	[VARIABLE DEFINITION] T1_achieved; initial value: 0; upper bound: 1; type: int
	[PURSUE] Task T1 PURSUE label
		[CONDITION] T1_pursued=0 & T1_achieved=0
		[UPDATE] (T1_pursued'=1)
		PRISM statement: [pursue_T1] T1_pursued=0 & T1_achieved=0 -> (T1_pursued'=1);
	[END OF PURSUE]
	[TRY] Task T1 TRY label
		[CONDITION] [try_T1] T1_pursued=1 & T1_achieved=0
		[UPDATE] T1_achievable: (T1_achieved'=1) + 1-T1_achievable: (T1_pursued'=0);
		PRISM statement: [try_T1] T1_pursued=1 & T1_achieved=0 -> T1_achievable: (T1_achieved'=1) + 1-T1_achievable: (T1_pursued'=0);
	[END OF TRY]
	[ACHIEVE] Task T1 ACHIEVE label
		[CONDITION] T1_pursued=1 & T1_achieved=1
		[UPDATE] true
		PRISM statement: [achieved_T1] T1_pursued=1 & T1_achieved=1 -> true;
	[END OF ACHIEVE]
[INIT TASK] T2: Follow waypoint
	Resources: none
	[VARIABLE DEFINITION] T2_pursued; initial value: 0; upper bound: 1; type: int
	[VARIABLE DEFINITION] T2_achieved; initial value: 0; upper bound: 1; type: int
	[PURSUE] Task T2 PURSUE label
		[CONDITION] T2_pursued=0 & T2_achieved=0
		[UPDATE] (T2_pursued'=1)
		PRISM statement: [pursue_T2] T2_pursued=0 & T2_achieved=0 -> (T2_pursued'=1);
	[END OF PURSUE]
	[TRY] Task T2 TRY label
		[CONDITION] [try_T2] T2_pursued=1 & T2_achieved=0
		[UPDATE] T2_achievable: (T2_achieved'=1) + 1-T2_achievable: (T2_pursued'=0);
		PRISM statement: [try_T2] T2_pursued=1 & T2_achieved=0 -> T2_achievable: (T2_achieved'=1) + 1-T2_achievable: (T2_pursued'=0);
	[END OF TRY]
	[ACHIEVE] Task T2 ACHIEVE label
		[CONDITION] T2_pursued=1 & T2_achieved=1
		[UPDATE] true
		PRISM statement: [achieved_T2] T2_pursued=1 & T2_achieved=1 -> true;
	[END OF ACHIEVE]
[INIT TASK] T3: Detect
	Resources: none
	[VARIABLE DEFINITION] T3_pursued; initial value: 0; upper bound: 1; type: int
	[VARIABLE DEFINITION] T3_achieved; initial value: 0; upper bound: 1; type: int
	[PURSUE] Task T3 PURSUE label
		[CONDITION] T3_pursued=0 & T3_achieved=0
		[UPDATE] (T3_pursued'=1)
		PRISM statement: [pursue_T3] T3_pursued=0 & T3_achieved=0 -> (T3_pursued'=1);
	[END OF PURSUE]
	[TRY] Task T3 TRY label
		[CONDITION] [try_T3] T3_pursued=1 & T3_achieved=0
		[UPDATE] T3_achievable: (T3_achieved'=1) + 1-T3_achievable: (T3_pursued'=0);
		PRISM statement: [try_T3] T3_pursued=1 & T3_achieved=0 -> T3_achievable: (T3_achieved'=1) + 1-T3_achievable: (T3_pursued'=0);
	[END OF TRY]
	[ACHIEVE] Task T3 ACHIEVE label
		[CONDITION] T3_pursued=1 & T3_achieved=1
		[UPDATE] true
		PRISM statement: [achieved_T3] T3_pursued=1 & T3_achieved=1 -> true;
	[END OF ACHIEVE]
[INIT TASK] T4: Scan
	Resources: none
	[VARIABLE DEFINITION] T4_pursued; initial value: 0; upper bound: 1; type: int
	[VARIABLE DEFINITION] T4_achieved; initial value: 0; upper bound: 1; type: int
	[PURSUE] Task T4 PURSUE label
		[CONDITION] T4_pursued=0 & T4_achieved=0
		[UPDATE] (T4_pursued'=1)
		PRISM statement: [pursue_T4] T4_pursued=0 & T4_achieved=0 -> (T4_pursued'=1);
	[END OF PURSUE]
	[TRY] Task T4 TRY label
		[CONDITION] [try_T4] T4_pursued=1 & T4_achieved=0
		[UPDATE] T4_achievable: (T4_achieved'=1) + 1-T4_achievable: (T4_pursued'=0);
		PRISM statement: [try_T4] T4_pursued=1 & T4_achieved=0 -> T4_achievable: (T4_achieved'=1) + 1-T4_achievable: (T4_pursued'=0);
	[END OF TRY]
	[ACHIEVE] Task T4 ACHIEVE label
		[CONDITION] T4_pursued=1 & T4_achieved=1
		[UPDATE] true
		PRISM statement: [achieved_T4] T4_pursued=1 & T4_achieved=1 -> true;
	[END OF ACHIEVE]
[INIT TASK] T5: Drop package
	Resources: none
	[VARIABLE DEFINITION] T5_pursued; initial value: 0; upper bound: 1; type: int
	[VARIABLE DEFINITION] T5_achieved; initial value: 0; upper bound: 1; type: int
	[PURSUE] Task T5 PURSUE label
		[CONDITION] T5_pursued=0 & T5_achieved=0
		[UPDATE] (T5_pursued'=1)
		PRISM statement: [pursue_T5] T5_pursued=0 & T5_achieved=0 -> (T5_pursued'=1);
	[END OF PURSUE]
	[TRY] Task T5 TRY label
		[CONDITION] [try_T5] T5_pursued=1 & T5_achieved=0
		[UPDATE] T5_achievable: (T5_achieved'=1) + 1-T5_achievable: (T5_pursued'=0);
		PRISM statement: [try_T5] T5_pursued=1 & T5_achieved=0 -> T5_achievable: (T5_achieved'=1) + 1-T5_achievable: (T5_pursued'=0);
	[END OF TRY]
	[ACHIEVE] Task T5 ACHIEVE label
		[CONDITION] T5_pursued=1 & T5_achieved=1
		[UPDATE] true
		PRISM statement: [achieved_T5] T5_pursued=1 & T5_achieved=1 -> true;
	[END OF ACHIEVE]
[INIT SYSTEM MODULE]
----------------------------------------
[LOGGER SUMMARY] examples/deliveryDrone/2-OrVariation.txt
[ELAPSED TIME] 1ms
----------MODEL STRUCTURE SUMMARY----------
[TOTAL GOALS] 6
[TOTAL TASKS] 5
[TOTAL RESOURCES] 0
[TOTAL NODES] 11
[TOTAL VARIABLES] 22
----------GOAL TYPE BREAKDOWN----------
[GOAL TYPE: DEGRADATION] 0
[GOAL TYPE: CHOICE] 0
[GOAL TYPE: ALTERNATIVE] 1
[GOAL TYPE: SEQUENCE] 2
[GOAL TYPE: INTERLEAVED] 0
----------GOAL SUMMARY----------
[GOAL MODULES] 6
[GOAL VARIABLES] 12
[GOAL PURSUE LINES] 16
[GOAL ACHIEVED LINES] 6
[GOAL SKIPPED LINES] 6
[GOAL ACHIEVABILITY FORMULAS] 6
[GOAL MAINTAIN FORMULAS] 0
----------CHANGE MANAGER SUMMARY----------
[TASKS VARIABLES] 10
[TASKS LABELS] 15
[TASKS TRY LINES] 5
[TASKS FAILED LINES] 0
[TASKS ACHIEVED LINES] 5
[TASKS SKIPPED LINES] 5
[TASKS ACHIEVABILITY CONSTANTS] 5
----------SYSTEM SUMMARY----------
[SYSTEM VARIABLES] 0
[SYSTEM RESOURCES] 0
[SYSTEM CONTEXT VARIABLES] 0
----------------------------------------
