[INIT GOAL] G0: Perform Autonomous Package Delivery
	Children: G1, G2, G3, G4
	Tasks: none
	Type: achieve
	Relation to children: and
	Execution detail: interleaved
	[TRACE]: [G0] Emits module: G0
	[TRACE] G0.AND -> G0_achievable 
	[FORMULA DEFINITION] G0_achievable; guard statement: G1_achievable * G2_achievable * G3_achievable * G4_achievable
		[PRISM emitted statement]: formula G0_achievable = G1_achievable * G2_achievable * G3_achievable * G4_achievable;
	[VARIABLE DEFINITION] G0_pursued; initial value: 0; upper bound: 1; type: int
	[VARIABLE DEFINITION] G0_achieved; initial value: 0; upper bound: 1; type: int
	[PURSUE GENERATION] G0 - STEP 1
		[DEFAULT PURSUE CONDITION] [pursue_G0] G0_pursued=0 & G0_achieved=0
		[UPDATE] (G0_pursued'=1)
	[PURSUE GENERATION] G1 - STEP 1
		[DEFAULT PURSUE CONDITION] [pursue_G1] G0_pursued=1 & G0_achieved=0
		[UPDATE] true
		PRISM statement: [pursue_G1] G0_pursued=1 & G0_achieved=0 -> true
	[END OF STEP 1]
	[PURSUE GENERATION] G2 - STEP 1
		[DEFAULT PURSUE CONDITION] [pursue_G2] G0_pursued=1 & G0_achieved=0
		[UPDATE] true
		PRISM statement: [pursue_G2] G0_pursued=1 & G0_achieved=0 -> true
	[END OF STEP 1]
	[PURSUE GENERATION] G3 - STEP 1
		[DEFAULT PURSUE CONDITION] [pursue_G3] G0_pursued=1 & G0_achieved=0
		[UPDATE] true
		PRISM statement: [pursue_G3] G0_pursued=1 & G0_achieved=0 -> true
	[END OF STEP 1]
	[PURSUE GENERATION] G4 - STEP 1
		[DEFAULT PURSUE CONDITION] [pursue_G4] G0_pursued=1 & G0_achieved=0
		[UPDATE] true
		PRISM statement: [pursue_G4] G0_pursued=1 & G0_achieved=0 -> true
	[END OF STEP 1]
	[PURSUE GENERATION] G0 - STEP 2
		[EXECUTION DETAIL: SKIP] Skipping condition generation for itself on runtime guard generation step
		PRISM statement: [pursue_G0] G0_pursued=0 & G0_achieved=0 -> (G0_pursued'=1)
	[END OF STEP 2]
	[PURSUE GENERATION] G1 - STEP 2
		[TRACE] G1: and goal detected
		[TRACE] G1: interleaved execution detail detected
		[EXECUTION DETAIL: INTERLEAVED] interleaved goals have no guard condition
		PRISM statement: [pursue_G1] G0_pursued=1 & G0_achieved=0 -> true
	[END OF STEP 2]
	[PURSUE GENERATION] G2 - STEP 2
		[TRACE] G2: and goal detected
		[TRACE] G2: interleaved execution detail detected
		[EXECUTION DETAIL: INTERLEAVED] interleaved goals have no guard condition
		PRISM statement: [pursue_G2] G0_pursued=1 & G0_achieved=0 -> true
	[END OF STEP 2]
	[PURSUE GENERATION] G3 - STEP 2
		[TRACE] G3: and goal detected
		[TRACE] G3: interleaved execution detail detected
		[EXECUTION DETAIL: INTERLEAVED] interleaved goals have no guard condition
		PRISM statement: [pursue_G3] G0_pursued=1 & G0_achieved=0 -> true
	[END OF STEP 2]
	[PURSUE GENERATION] G4 - STEP 2
		[TRACE] G4: and goal detected
		[TRACE] G4: interleaved execution detail detected
		[EXECUTION DETAIL: INTERLEAVED] interleaved goals have no guard condition
		PRISM statement: [pursue_G4] G0_pursued=1 & G0_achieved=0 -> true
	[END OF STEP 2]
		[TRACE] G0: no activation context guard detected
		[EXECUTION DETAIL: CONTEXT] Guard statement: G0 has no activation context
		PRISM statement: [pursue_G0] G0_pursued=0 & G0_achieved=0 -> (G0_pursued'=1)
	[END OF STEP 3]
		[TRACE] G1: no activation context guard detected
		[EXECUTION DETAIL: CONTEXT] Guard statement: G1 has no activation context
		PRISM statement: [pursue_G1] G0_pursued=1 & G0_achieved=0 -> true
	[END OF STEP 3]
		[TRACE] G2: no activation context guard detected
		[EXECUTION DETAIL: CONTEXT] Guard statement: G2 has no activation context
		PRISM statement: [pursue_G2] G0_pursued=1 & G0_achieved=0 -> true
	[END OF STEP 3]
		[TRACE] G3: no activation context guard detected
		[EXECUTION DETAIL: CONTEXT] Guard statement: G3 has no activation context
		PRISM statement: [pursue_G3] G0_pursued=1 & G0_achieved=0 -> true
	[END OF STEP 3]
		[TRACE] G4: no activation context guard detected
		[EXECUTION DETAIL: CONTEXT] Guard statement: G4 has no activation context
		PRISM statement: [pursue_G4] G0_pursued=1 & G0_achieved=0 -> true
	[END OF STEP 3]
	[END OF PURSUE]
	[END OF PURSUE]
	[END OF PURSUE]
	[END OF PURSUE]
	[END OF PURSUE]
	[ACHIEVE] Goal G0 achieved label
		[CONDITION] G0_pursued=1 & (G1_achieved=1 & G2_achieved=1 & G3_achieved=1 & G4_achieved=1)
		[UPDATE] (G0_pursued'=0) & (G0_achieved'=1);
		PRISM statement: [achieved_G0] G0_pursued=1 & (G1_achieved=1 & G2_achieved=1 & G3_achieved=1 & G4_achieved=1) -> (G0_pursued'=0) & (G0_achieved'=1);
	[END OF ACHIEVE]
	[SKIP] Goal G0 skipped label
		[CONDITION] G0_pursued=1 & G1_pursued=0 & G2_pursued=0 & G3_pursued=0 & G4_pursued=0
		[UPDATE] (G0_pursued'=0);
		PRISM statement: [skip_G0] G0_pursued=1 & G1_pursued=0 & G2_pursued=0 & G3_pursued=0 & G4_pursued=0 -> (G0_pursued'=0);
	[END OF SKIP]
[INIT GOAL] G1: Navigate to Delivery Zone
	Children: G5, G6
	Tasks: none
	Type: achieve
	Relation to children: and
	Execution detail: interleaved
	[TRACE]: [G1] Emits module: G1
	[TRACE] G1.AND -> G1_achievable 
	[FORMULA DEFINITION] G1_achievable; guard statement: G5_achievable * G6_achievable
		[PRISM emitted statement]: formula G1_achievable = G5_achievable * G6_achievable;
	[VARIABLE DEFINITION] G1_pursued; initial value: 0; upper bound: 1; type: int
	[VARIABLE DEFINITION] G1_achieved; initial value: 0; upper bound: 1; type: int
	[PURSUE GENERATION] G1 - STEP 1
		[DEFAULT PURSUE CONDITION] [pursue_G1] G1_pursued=0 & G1_achieved=0
		[UPDATE] (G1_pursued'=1)
	[PURSUE GENERATION] G5 - STEP 1
		[DEFAULT PURSUE CONDITION] [pursue_G5] G1_pursued=1 & G1_achieved=0
		[UPDATE] true
		PRISM statement: [pursue_G5] G1_pursued=1 & G1_achieved=0 -> true
	[END OF STEP 1]
	[PURSUE GENERATION] G6 - STEP 1
		[DEFAULT PURSUE CONDITION] [pursue_G6] G1_pursued=1 & G1_achieved=0
		[UPDATE] true
		PRISM statement: [pursue_G6] G1_pursued=1 & G1_achieved=0 -> true
	[END OF STEP 1]
	[PURSUE GENERATION] G1 - STEP 2
		[EXECUTION DETAIL: SKIP] Skipping condition generation for itself on runtime guard generation step
		PRISM statement: [pursue_G1] G1_pursued=0 & G1_achieved=0 -> (G1_pursued'=1)
	[END OF STEP 2]
	[PURSUE GENERATION] G5 - STEP 2
		[TRACE] G5: and goal detected
		[TRACE] G5: interleaved execution detail detected
		[EXECUTION DETAIL: INTERLEAVED] interleaved goals have no guard condition
		PRISM statement: [pursue_G5] G1_pursued=1 & G1_achieved=0 -> true
	[END OF STEP 2]
	[PURSUE GENERATION] G6 - STEP 2
		[TRACE] G6: and goal detected
		[TRACE] G6: interleaved execution detail detected
		[EXECUTION DETAIL: INTERLEAVED] interleaved goals have no guard condition
		PRISM statement: [pursue_G6] G1_pursued=1 & G1_achieved=0 -> true
	[END OF STEP 2]
		[TRACE] G1: no activation context guard detected
		[EXECUTION DETAIL: CONTEXT] Guard statement: G1 has no activation context
		PRISM statement: [pursue_G1] G1_pursued=0 & G1_achieved=0 -> (G1_pursued'=1)
	[END OF STEP 3]
		[TRACE] G5: no activation context guard detected
		[EXECUTION DETAIL: CONTEXT] Guard statement: G5 has no activation context
		PRISM statement: [pursue_G5] G1_pursued=1 & G1_achieved=0 -> true
	[END OF STEP 3]
		[TRACE] G6: no activation context guard detected
		[EXECUTION DETAIL: CONTEXT] Guard statement: G6 has no activation context
		PRISM statement: [pursue_G6] G1_pursued=1 & G1_achieved=0 -> true
	[END OF STEP 3]
	[END OF PURSUE]
	[END OF PURSUE]
	[END OF PURSUE]
	[ACHIEVE] Goal G1 achieved label
		[CONDITION] G1_pursued=1 & (G5_achieved=1 & G6_achieved=1)
		[UPDATE] (G1_pursued'=0) & (G1_achieved'=1);
		PRISM statement: [achieved_G1] G1_pursued=1 & (G5_achieved=1 & G6_achieved=1) -> (G1_pursued'=0) & (G1_achieved'=1);
	[END OF ACHIEVE]
	[SKIP] Goal G1 skipped label
		[CONDITION] G1_pursued=1 & G5_pursued=0 & G6_pursued=0
		[UPDATE] (G1_pursued'=0);
		PRISM statement: [skip_G1] G1_pursued=1 & G5_pursued=0 & G6_pursued=0 -> (G1_pursued'=0);
	[END OF SKIP]
[INIT GOAL] G2: Configure flight
	Children: G7, G8
	Tasks: none
	Type: achieve
	Relation to children: or
	Execution detail: choice
	[TRACE]: [G2] Emits module: G2
	[TRACE] G2.OR -> G2_achievable 
	[FORMULA DEFINITION] G2_achievable; guard statement: G7_achievable + G8_achievable - (G7_achievable * G8_achievable)
		[PRISM emitted statement]: formula G2_achievable = G7_achievable + G8_achievable - (G7_achievable * G8_achievable);
	[VARIABLE DEFINITION] G2_pursued; initial value: 0; upper bound: 1; type: int
	[VARIABLE DEFINITION] G2_achieved; initial value: 0; upper bound: 1; type: int
	[VARIABLE DEFINITION] G2_chosen; initial value: 0; upper bound: 2; type: int
	[PURSUE GENERATION] G2 - STEP 1
		[DEFAULT PURSUE CONDITION] [pursue_G2] G2_pursued=0 & G2_achieved=0
		[UPDATE] (G2_pursued'=1)
	[PURSUE GENERATION] G7 - STEP 1
		[DEFAULT PURSUE CONDITION] [pursue_G7] G2_pursued=1 & G2_achieved=0
		[UPDATE] true
		PRISM statement: [pursue_G7] G2_pursued=1 & G2_achieved=0 -> true
	[END OF STEP 1]
	[PURSUE GENERATION] G8 - STEP 1
		[DEFAULT PURSUE CONDITION] [pursue_G8] G2_pursued=1 & G2_achieved=0
		[UPDATE] true
		PRISM statement: [pursue_G8] G2_pursued=1 & G2_achieved=0 -> true
	[END OF STEP 1]
	[PURSUE GENERATION] G2 - STEP 2
		[EXECUTION DETAIL: SKIP] Skipping condition generation for itself on runtime guard generation step
		PRISM statement: [pursue_G2] G2_pursued=0 & G2_achieved=0 -> (G2_pursued'=1)
	[END OF STEP 2]
	[PURSUE GENERATION] G7 - STEP 2
		[TRACE] G7: or goal detected
[TRACE] G7: choice execution detail detected with children
		[EXECUTION DETAIL: CHOICE]
			[CURRENT GOAL] G7
			[OTHER GOALS] G8
			[GUARD STATEMENT] G2_chosen!=2
		PRISM statement: [pursue_G7] G2_pursued=1 & G2_achieved=0 & G2_chosen!=2 -> (G2_chosen'=1)
	[END OF STEP 2]
	[PURSUE GENERATION] G8 - STEP 2
		[TRACE] G8: or goal detected
[TRACE] G8: choice execution detail detected with children
		[EXECUTION DETAIL: CHOICE]
			[CURRENT GOAL] G8
			[OTHER GOALS] G7
			[GUARD STATEMENT] G2_chosen!=1
		PRISM statement: [pursue_G8] G2_pursued=1 & G2_achieved=0 & G2_chosen!=1 -> (G2_chosen'=2)
	[END OF STEP 2]
		[TRACE] G2: no activation context guard detected
		[EXECUTION DETAIL: CONTEXT] Guard statement: G2 has no activation context
		PRISM statement: [pursue_G2] G2_pursued=0 & G2_achieved=0 -> (G2_pursued'=1)
	[END OF STEP 3]
		[TRACE] G7: no activation context guard detected
		[EXECUTION DETAIL: CONTEXT] Guard statement: G7 has no activation context
		PRISM statement: [pursue_G7] G2_pursued=1 & G2_achieved=0 & G2_chosen!=2 -> (G2_chosen'=1)
	[END OF STEP 3]
		[TRACE] G8: no activation context guard detected
		[EXECUTION DETAIL: CONTEXT] Guard statement: G8 has no activation context
		PRISM statement: [pursue_G8] G2_pursued=1 & G2_achieved=0 & G2_chosen!=1 -> (G2_chosen'=2)
	[END OF STEP 3]
	[END OF PURSUE]
	[END OF PURSUE]
	[END OF PURSUE]
	[ACHIEVE] Goal G2 achieved label
		[CONDITION] G2_pursued=1 & (G7_achieved=1 | G8_achieved=1)
		[UPDATE] (G2_pursued'=0) & (G2_achieved'=1);
		PRISM statement: [achieved_G2] G2_pursued=1 & (G7_achieved=1 | G8_achieved=1) -> (G2_pursued'=0) & (G2_achieved'=1);
	[END OF ACHIEVE]
	[SKIP] Goal G2 skipped label
		[CONDITION] G2_pursued=1 & G7_pursued=0 & G8_pursued=0
		[UPDATE] (G2_pursued'=0);
		PRISM statement: [skip_G2] G2_pursued=1 & G7_pursued=0 & G8_pursued=0 -> (G2_pursued'=0);
	[END OF SKIP]
[INIT GOAL] G3: Maintain Safety
	Children: G9, G10
	Tasks: none
	Type: achieve
	Relation to children: and
	Execution detail: degradation
	[TRACE]: [G3] Emits module: G3
	[TRACE] G3.AND -> G3_achievable 
	[FORMULA DEFINITION] G3_achievable; guard statement: G9_achievable * G10_achievable
		[PRISM emitted statement]: formula G3_achievable = G9_achievable * G10_achievable;
	[VARIABLE DEFINITION] G3_pursued; initial value: 0; upper bound: 1; type: int
	[VARIABLE DEFINITION] G3_achieved; initial value: 0; upper bound: 1; type: int
	[PURSUE GENERATION] G3 - STEP 1
		[DEFAULT PURSUE CONDITION] [pursue_G3] G3_pursued=0 & G3_achieved=0
		[UPDATE] (G3_pursued'=1)
	[PURSUE GENERATION] G9 - STEP 1
		[DEFAULT PURSUE CONDITION] [pursue_G9] G3_pursued=1 & G3_achieved=0
		[UPDATE] true
		PRISM statement: [pursue_G9] G3_pursued=1 & G3_achieved=0 -> true
	[END OF STEP 1]
	[PURSUE GENERATION] G10 - STEP 1
		[DEFAULT PURSUE CONDITION] [pursue_G10] G3_pursued=1 & G3_achieved=0
		[UPDATE] true
		PRISM statement: [pursue_G10] G3_pursued=1 & G3_achieved=0 -> true
	[END OF STEP 1]
	[PURSUE GENERATION] G3 - STEP 2
		[EXECUTION DETAIL: SKIP] Skipping condition generation for itself on runtime guard generation step
		PRISM statement: [pursue_G3] G3_pursued=0 & G3_achieved=0 -> (G3_pursued'=1)
	[END OF STEP 2]
	[PURSUE GENERATION] G9 - STEP 2
		[TRACE] G9: and goal detected
		[EXECUTION DETAIL: SKIP] Skipping condition generation for G9 on runtime guard generation step, no execution detail
		PRISM statement: [pursue_G9] G3_pursued=1 & G3_achieved=0 -> true
	[END OF STEP 2]
	[PURSUE GENERATION] G10 - STEP 2
		[TRACE] G10: and goal detected
		[EXECUTION DETAIL: SKIP] Skipping condition generation for G10 on runtime guard generation step, no execution detail
		PRISM statement: [pursue_G10] G3_pursued=1 & G3_achieved=0 -> true
	[END OF STEP 2]
		[TRACE] G3: no activation context guard detected
		[EXECUTION DETAIL: CONTEXT] Guard statement: G3 has no activation context
		PRISM statement: [pursue_G3] G3_pursued=0 & G3_achieved=0 -> (G3_pursued'=1)
	[END OF STEP 3]
		[TRACE] G9: no activation context guard detected
		[EXECUTION DETAIL: CONTEXT] Guard statement: G9 has no activation context
		PRISM statement: [pursue_G9] G3_pursued=1 & G3_achieved=0 -> true
	[END OF STEP 3]
		[TRACE] G10: no activation context guard detected
		[EXECUTION DETAIL: CONTEXT] Guard statement: G10 has no activation context
		PRISM statement: [pursue_G10] G3_pursued=1 & G3_achieved=0 -> true
	[END OF STEP 3]
	[END OF PURSUE]
	[END OF PURSUE]
	[END OF PURSUE]
	[ACHIEVE] Goal G3 achieved label
		[CONDITION] G3_pursued=1 & (G9_achieved=1 & G10_achieved=1)
		[UPDATE] (G3_pursued'=0) & (G3_achieved'=1);
		PRISM statement: [achieved_G3] G3_pursued=1 & (G9_achieved=1 & G10_achieved=1) -> (G3_pursued'=0) & (G3_achieved'=1);
	[END OF ACHIEVE]
	[SKIP] Goal G3 skipped label
		[CONDITION] G3_pursued=1 & G9_pursued=0 & G10_pursued=0
		[UPDATE] (G3_pursued'=0);
		PRISM statement: [skip_G3] G3_pursued=1 & G9_pursued=0 & G10_pursued=0 -> (G3_pursued'=0);
	[END OF SKIP]
[INIT GOAL] G4: Execute Delivery
	Children: G11, G12
	Tasks: none
	Type: achieve
	Relation to children: and
	Execution detail: sequence
	[TRACE]: [G4] Emits module: G4
	[TRACE] G4.AND -> G4_achievable 
	[FORMULA DEFINITION] G4_achievable; guard statement: G11_achievable * G12_achievable
		[PRISM emitted statement]: formula G4_achievable = G11_achievable * G12_achievable;
	[VARIABLE DEFINITION] G4_pursued; initial value: 0; upper bound: 1; type: int
	[VARIABLE DEFINITION] G4_achieved; initial value: 0; upper bound: 1; type: int
	[PURSUE GENERATION] G4 - STEP 1
		[DEFAULT PURSUE CONDITION] [pursue_G4] G4_pursued=0 & G4_achieved=0
		[UPDATE] (G4_pursued'=1)
	[PURSUE GENERATION] G11 - STEP 1
		[DEFAULT PURSUE CONDITION] [pursue_G11] G4_pursued=1 & G4_achieved=0
		[UPDATE] true
		PRISM statement: [pursue_G11] G4_pursued=1 & G4_achieved=0 -> true
	[END OF STEP 1]
	[PURSUE GENERATION] G12 - STEP 1
		[DEFAULT PURSUE CONDITION] [pursue_G12] G4_pursued=1 & G4_achieved=0
		[UPDATE] true
		PRISM statement: [pursue_G12] G4_pursued=1 & G4_achieved=0 -> true
	[END OF STEP 1]
	[PURSUE GENERATION] G4 - STEP 2
		[EXECUTION DETAIL: SKIP] Skipping condition generation for itself on runtime guard generation step
		PRISM statement: [pursue_G4] G4_pursued=0 & G4_achieved=0 -> (G4_pursued'=1)
	[END OF STEP 2]
	[PURSUE GENERATION] G11 - STEP 2
		[TRACE] G11: and goal detected
		[TRACE] G11: sequence execution detail detected
		[EXECUTION DETAIL: SEQUENCE] G4: Curr G11;
			[LEFT GOALS] - should be achieved:  none
			[RIGHT GOALS] - should be not achieved: G12
		PRISM statement: [pursue_G11] G4_pursued=1 & G4_achieved=0 & G11_achieved=0 -> true
	[END OF STEP 2]
	[PURSUE GENERATION] G12 - STEP 2
		[TRACE] G12: and goal detected
		[TRACE] G12: sequence execution detail detected
		[EXECUTION DETAIL: SEQUENCE] G4: Curr G12;
			[LEFT GOALS] - should be achieved:  G11
			[RIGHT GOALS] - should be not achieved: 
		PRISM statement: [pursue_G12] G4_pursued=1 & G4_achieved=0 & G11_achieved=1 -> true
	[END OF STEP 2]
		[TRACE] G4: no activation context guard detected
		[EXECUTION DETAIL: CONTEXT] Guard statement: G4 has no activation context
		PRISM statement: [pursue_G4] G4_pursued=0 & G4_achieved=0 -> (G4_pursued'=1)
	[END OF STEP 3]
		[TRACE] G11: no activation context guard detected
		[EXECUTION DETAIL: CONTEXT] Guard statement: G11 has no activation context
		PRISM statement: [pursue_G11] G4_pursued=1 & G4_achieved=0 & G11_achieved=0 -> true
	[END OF STEP 3]
		[TRACE] G12: no activation context guard detected
		[EXECUTION DETAIL: CONTEXT] Guard statement: G12 has no activation context
		PRISM statement: [pursue_G12] G4_pursued=1 & G4_achieved=0 & G11_achieved=1 -> true
	[END OF STEP 3]
	[END OF PURSUE]
	[END OF PURSUE]
	[END OF PURSUE]
	[ACHIEVE] Goal G4 achieved label
		[CONDITION] G4_pursued=1 & (G11_achieved=1 & G12_achieved=1)
		[UPDATE] (G4_pursued'=0) & (G4_achieved'=1);
		PRISM statement: [achieved_G4] G4_pursued=1 & (G11_achieved=1 & G12_achieved=1) -> (G4_pursued'=0) & (G4_achieved'=1);
	[END OF ACHIEVE]
	[SKIP] Goal G4 skipped label
		[CONDITION] G4_pursued=1 & G11_pursued=0 & G12_pursued=0
		[UPDATE] (G4_pursued'=0);
		PRISM statement: [skip_G4] G4_pursued=1 & G11_pursued=0 & G12_pursued=0 -> (G4_pursued'=0);
	[END OF SKIP]
[INIT GOAL] G5: Localize Position
	Children: none
	Tasks: T1
	Type: achieve
	Relation to children: and
	Execution detail: sequence
	[TRACE]: [G5] Emits module: G5
	[TRACE] G5.SINGLE_GOAL -> G5_achievable 
	[FORMULA DEFINITION] G5_achievable; guard statement: T1_achievable
		[PRISM emitted statement]: formula G5_achievable = T1_achievable;
	[VARIABLE DEFINITION] G5_pursued; initial value: 0; upper bound: 1; type: int
	[VARIABLE DEFINITION] G5_achieved; initial value: 0; upper bound: 1; type: int
	[PURSUE GENERATION] G5 - STEP 1
		[DEFAULT PURSUE CONDITION] [pursue_G5] G5_pursued=0 & G5_achieved=0
		[UPDATE] (G5_pursued'=1)
	[PURSUE GENERATION] T1 - STEP 1
		[DEFAULT PURSUE CONDITION] [pursue_T1] G5_pursued=1 & G5_achieved=0
		[UPDATE] true
		PRISM statement: [pursue_T1] G5_pursued=1 & G5_achieved=0 -> true
	[END OF STEP 1]
	[PURSUE GENERATION] G5 - STEP 2
		[EXECUTION DETAIL: SKIP] Skipping condition generation for itself on runtime guard generation step
		PRISM statement: [pursue_G5] G5_pursued=0 & G5_achieved=0 -> (G5_pursued'=1)
	[END OF STEP 2]
	[PURSUE GENERATION] T1 - STEP 2
		[TRACE] T1: and goal detected
		[TRACE] T1: sequence execution detail detected
		[EXECUTION DETAIL: SEQUENCE] G5: Curr T1;
			[LEFT GOALS] - should be achieved:  none
			[RIGHT GOALS] - should be not achieved: T2
		PRISM statement: [pursue_T1] G5_pursued=1 & G5_achieved=0 & T1_achieved=0 -> true
	[END OF STEP 2]
		[TRACE] G5: no activation context guard detected
		[EXECUTION DETAIL: CONTEXT] Guard statement: G5 has no activation context
		PRISM statement: [pursue_G5] G5_pursued=0 & G5_achieved=0 -> (G5_pursued'=1)
	[END OF STEP 3]
		[TRACE] T1: no activation context guard detected
		[EXECUTION DETAIL: CONTEXT] Guard statement: T1 has no activation context
		PRISM statement: [pursue_T1] G5_pursued=1 & G5_achieved=0 & T1_achieved=0 -> true
	[END OF STEP 3]
	[END OF PURSUE]
	[END OF PURSUE]
	[ACHIEVE] Goal G5 achieved label
		[CONDITION] G5_pursued=1 & (T1_achieved=1)
		[UPDATE] (G5_pursued'=0) & (G5_achieved'=1);
		PRISM statement: [achieved_G5] G5_pursued=1 & (T1_achieved=1) -> (G5_pursued'=0) & (G5_achieved'=1);
	[END OF ACHIEVE]
	[SKIP] Goal G5 skipped label
		[CONDITION] G5_pursued=1 & T1_pursued=0
		[UPDATE] (G5_pursued'=0);
		PRISM statement: [skip_G5] G5_pursued=1 & T1_pursued=0 -> (G5_pursued'=0);
	[END OF SKIP]
[INIT GOAL] G6: Plan Route
	Children: none
	Tasks: T2, T3
	Type: achieve
	Relation to children: and
	Execution detail: interleaved
	[TRACE]: [G6] Emits module: G6
	[TRACE] G6.AND -> G6_achievable 
	[FORMULA DEFINITION] G6_achievable; guard statement: T2_achievable * T3_achievable
		[PRISM emitted statement]: formula G6_achievable = T2_achievable * T3_achievable;
	[VARIABLE DEFINITION] G6_pursued; initial value: 0; upper bound: 1; type: int
	[VARIABLE DEFINITION] G6_achieved; initial value: 0; upper bound: 1; type: int
	[PURSUE GENERATION] G6 - STEP 1
		[DEFAULT PURSUE CONDITION] [pursue_G6] G6_pursued=0 & G6_achieved=0
		[UPDATE] (G6_pursued'=1)
	[PURSUE GENERATION] T2 - STEP 1
		[DEFAULT PURSUE CONDITION] [pursue_T2] G6_pursued=1 & G6_achieved=0
		[UPDATE] true
		PRISM statement: [pursue_T2] G6_pursued=1 & G6_achieved=0 -> true
	[END OF STEP 1]
	[PURSUE GENERATION] T3 - STEP 1
		[DEFAULT PURSUE CONDITION] [pursue_T3] G6_pursued=1 & G6_achieved=0
		[UPDATE] true
		PRISM statement: [pursue_T3] G6_pursued=1 & G6_achieved=0 -> true
	[END OF STEP 1]
	[PURSUE GENERATION] G6 - STEP 2
		[EXECUTION DETAIL: SKIP] Skipping condition generation for itself on runtime guard generation step
		PRISM statement: [pursue_G6] G6_pursued=0 & G6_achieved=0 -> (G6_pursued'=1)
	[END OF STEP 2]
	[PURSUE GENERATION] T2 - STEP 2
		[TRACE] T2: and goal detected
		[TRACE] T2: interleaved execution detail detected
		[EXECUTION DETAIL: INTERLEAVED] interleaved goals have no guard condition
		PRISM statement: [pursue_T2] G6_pursued=1 & G6_achieved=0 -> true
	[END OF STEP 2]
	[PURSUE GENERATION] T3 - STEP 2
		[TRACE] T3: and goal detected
		[TRACE] T3: interleaved execution detail detected
		[EXECUTION DETAIL: INTERLEAVED] interleaved goals have no guard condition
		PRISM statement: [pursue_T3] G6_pursued=1 & G6_achieved=0 -> true
	[END OF STEP 2]
		[TRACE] G6: no activation context guard detected
		[EXECUTION DETAIL: CONTEXT] Guard statement: G6 has no activation context
		PRISM statement: [pursue_G6] G6_pursued=0 & G6_achieved=0 -> (G6_pursued'=1)
	[END OF STEP 3]
		[TRACE] T2: no activation context guard detected
		[EXECUTION DETAIL: CONTEXT] Guard statement: T2 has no activation context
		PRISM statement: [pursue_T2] G6_pursued=1 & G6_achieved=0 -> true
	[END OF STEP 3]
		[TRACE] T3: no activation context guard detected
		[EXECUTION DETAIL: CONTEXT] Guard statement: T3 has no activation context
		PRISM statement: [pursue_T3] G6_pursued=1 & G6_achieved=0 -> true
	[END OF STEP 3]
	[END OF PURSUE]
	[END OF PURSUE]
	[END OF PURSUE]
	[ACHIEVE] Goal G6 achieved label
		[CONDITION] G6_pursued=1 & (T2_achieved=1 & T3_achieved=1)
		[UPDATE] (G6_pursued'=0) & (G6_achieved'=1);
		PRISM statement: [achieved_G6] G6_pursued=1 & (T2_achieved=1 & T3_achieved=1) -> (G6_pursued'=0) & (G6_achieved'=1);
	[END OF ACHIEVE]
	[SKIP] Goal G6 skipped label
		[CONDITION] G6_pursued=1 & T2_pursued=0 & T3_pursued=0
		[UPDATE] (G6_pursued'=0);
		PRISM statement: [skip_G6] G6_pursued=1 & T2_pursued=0 & T3_pursued=0 -> (G6_pursued'=0);
	[END OF SKIP]
[INIT GOAL] G7: Standard Mode
	Children: none
	Tasks: T4
	Type: achieve
	Relation to children: and
	Execution detail: none
	[TRACE]: [G7] Emits module: G7
	[TRACE] G7.SINGLE_GOAL -> G7_achievable 
	[FORMULA DEFINITION] G7_achievable; guard statement: T4_achievable
		[PRISM emitted statement]: formula G7_achievable = T4_achievable;
	[VARIABLE DEFINITION] G7_pursued; initial value: 0; upper bound: 1; type: int
	[VARIABLE DEFINITION] G7_achieved; initial value: 0; upper bound: 1; type: int
	[PURSUE GENERATION] G7 - STEP 1
		[DEFAULT PURSUE CONDITION] [pursue_G7] G7_pursued=0 & G7_achieved=0
		[UPDATE] (G7_pursued'=1)
	[PURSUE GENERATION] T4 - STEP 1
		[DEFAULT PURSUE CONDITION] [pursue_T4] G7_pursued=1 & G7_achieved=0
		[UPDATE] true
		PRISM statement: [pursue_T4] G7_pursued=1 & G7_achieved=0 -> true
	[END OF STEP 1]
	[PURSUE GENERATION] G7 - STEP 2
		[EXECUTION DETAIL: SKIP] Skipping condition generation for itself on runtime guard generation step
		PRISM statement: [pursue_G7] G7_pursued=0 & G7_achieved=0 -> (G7_pursued'=1)
	[END OF STEP 2]
	[PURSUE GENERATION] T4 - STEP 2
		[TRACE] T4: and goal detected
		[EXECUTION DETAIL: SKIP] Skipping condition generation for T4 on runtime guard generation step, no execution detail
		PRISM statement: [pursue_T4] G7_pursued=1 & G7_achieved=0 -> true
	[END OF STEP 2]
		[TRACE] G7: no activation context guard detected
		[EXECUTION DETAIL: CONTEXT] Guard statement: G7 has no activation context
		PRISM statement: [pursue_G7] G7_pursued=0 & G7_achieved=0 -> (G7_pursued'=1)
	[END OF STEP 3]
		[TRACE] T4: no activation context guard detected
		[EXECUTION DETAIL: CONTEXT] Guard statement: T4 has no activation context
		PRISM statement: [pursue_T4] G7_pursued=1 & G7_achieved=0 -> true
	[END OF STEP 3]
	[END OF PURSUE]
	[END OF PURSUE]
	[ACHIEVE] Goal G7 achieved label
		[CONDITION] G7_pursued=1 & (T4_achieved=1)
		[UPDATE] (G7_pursued'=0) & (G7_achieved'=1);
		PRISM statement: [achieved_G7] G7_pursued=1 & (T4_achieved=1) -> (G7_pursued'=0) & (G7_achieved'=1);
	[END OF ACHIEVE]
	[SKIP] Goal G7 skipped label
		[CONDITION] G7_pursued=1 & T4_pursued=0
		[UPDATE] (G7_pursued'=0);
		PRISM statement: [skip_G7] G7_pursued=1 & T4_pursued=0 -> (G7_pursued'=0);
	[END OF SKIP]
[INIT GOAL] G8: High-Priority Mode
	Children: none
	Tasks: T5
	Type: achieve
	Relation to children: and
	Execution detail: none
	[TRACE]: [G8] Emits module: G8
	[TRACE] G8.SINGLE_GOAL -> G8_achievable 
	[FORMULA DEFINITION] G8_achievable; guard statement: T5_achievable
		[PRISM emitted statement]: formula G8_achievable = T5_achievable;
	[VARIABLE DEFINITION] G8_pursued; initial value: 0; upper bound: 1; type: int
	[VARIABLE DEFINITION] G8_achieved; initial value: 0; upper bound: 1; type: int
	[PURSUE GENERATION] G8 - STEP 1
		[DEFAULT PURSUE CONDITION] [pursue_G8] G8_pursued=0 & G8_achieved=0
		[UPDATE] (G8_pursued'=1)
	[PURSUE GENERATION] T5 - STEP 1
		[DEFAULT PURSUE CONDITION] [pursue_T5] G8_pursued=1 & G8_achieved=0
		[UPDATE] true
		PRISM statement: [pursue_T5] G8_pursued=1 & G8_achieved=0 -> true
	[END OF STEP 1]
	[PURSUE GENERATION] G8 - STEP 2
		[EXECUTION DETAIL: SKIP] Skipping condition generation for itself on runtime guard generation step
		PRISM statement: [pursue_G8] G8_pursued=0 & G8_achieved=0 -> (G8_pursued'=1)
	[END OF STEP 2]
	[PURSUE GENERATION] T5 - STEP 2
		[TRACE] T5: and goal detected
		[EXECUTION DETAIL: SKIP] Skipping condition generation for T5 on runtime guard generation step, no execution detail
		PRISM statement: [pursue_T5] G8_pursued=1 & G8_achieved=0 -> true
	[END OF STEP 2]
		[TRACE] G8: no activation context guard detected
		[EXECUTION DETAIL: CONTEXT] Guard statement: G8 has no activation context
		PRISM statement: [pursue_G8] G8_pursued=0 & G8_achieved=0 -> (G8_pursued'=1)
	[END OF STEP 3]
		[TRACE] T5: no activation context guard detected
		[EXECUTION DETAIL: CONTEXT] Guard statement: T5 has no activation context
		PRISM statement: [pursue_T5] G8_pursued=1 & G8_achieved=0 -> true
	[END OF STEP 3]
	[END OF PURSUE]
	[END OF PURSUE]
	[ACHIEVE] Goal G8 achieved label
		[CONDITION] G8_pursued=1 & (T5_achieved=1)
		[UPDATE] (G8_pursued'=0) & (G8_achieved'=1);
		PRISM statement: [achieved_G8] G8_pursued=1 & (T5_achieved=1) -> (G8_pursued'=0) & (G8_achieved'=1);
	[END OF ACHIEVE]
	[SKIP] Goal G8 skipped label
		[CONDITION] G8_pursued=1 & T5_pursued=0
		[UPDATE] (G8_pursued'=0);
		PRISM statement: [skip_G8] G8_pursued=1 & T5_pursued=0 -> (G8_pursued'=0);
	[END OF SKIP]
[INIT GOAL] G9: Visual Avoidance
	Children: none
	Tasks: T6
	Type: achieve
	Relation to children: and
	Execution detail: none
	[TRACE]: [G9] Emits module: G9
	[TRACE] G9.SINGLE_GOAL -> G9_achievable 
	[FORMULA DEFINITION] G9_achievable; guard statement: T6_achievable
		[PRISM emitted statement]: formula G9_achievable = T6_achievable;
	[VARIABLE DEFINITION] G9_pursued; initial value: 0; upper bound: 1; type: int
	[VARIABLE DEFINITION] G9_achieved; initial value: 0; upper bound: 1; type: int
	[PURSUE GENERATION] G9 - STEP 1
		[DEFAULT PURSUE CONDITION] [pursue_G9] G9_pursued=0 & G9_achieved=0
		[UPDATE] (G9_pursued'=1)
	[PURSUE GENERATION] T6 - STEP 1
		[DEFAULT PURSUE CONDITION] [pursue_T6] G9_pursued=1 & G9_achieved=0
		[UPDATE] true
		PRISM statement: [pursue_T6] G9_pursued=1 & G9_achieved=0 -> true
	[END OF STEP 1]
	[PURSUE GENERATION] G9 - STEP 2
		[EXECUTION DETAIL: SKIP] Skipping condition generation for itself on runtime guard generation step
		PRISM statement: [pursue_G9] G9_pursued=0 & G9_achieved=0 -> (G9_pursued'=1)
	[END OF STEP 2]
	[PURSUE GENERATION] T6 - STEP 2
		[TRACE] T6: and goal detected
		[EXECUTION DETAIL: SKIP] Skipping condition generation for T6 on runtime guard generation step, no execution detail
		PRISM statement: [pursue_T6] G9_pursued=1 & G9_achieved=0 -> true
	[END OF STEP 2]
		[TRACE] G9: no activation context guard detected
		[EXECUTION DETAIL: CONTEXT] Guard statement: G9 has no activation context
		PRISM statement: [pursue_G9] G9_pursued=0 & G9_achieved=0 -> (G9_pursued'=1)
	[END OF STEP 3]
		[TRACE] T6: no activation context guard detected
		[EXECUTION DETAIL: CONTEXT] Guard statement: T6 has no activation context
		PRISM statement: [pursue_T6] G9_pursued=1 & G9_achieved=0 -> true
	[END OF STEP 3]
	[END OF PURSUE]
	[END OF PURSUE]
	[ACHIEVE] Goal G9 achieved label
		[CONDITION] G9_pursued=1 & (T6_achieved=1)
		[UPDATE] (G9_pursued'=0) & (G9_achieved'=1);
		PRISM statement: [achieved_G9] G9_pursued=1 & (T6_achieved=1) -> (G9_pursued'=0) & (G9_achieved'=1);
	[END OF ACHIEVE]
	[SKIP] Goal G9 skipped label
		[CONDITION] G9_pursued=1 & T6_pursued=0
		[UPDATE] (G9_pursued'=0);
		PRISM statement: [skip_G9] G9_pursued=1 & T6_pursued=0 -> (G9_pursued'=0);
	[END OF SKIP]
[INIT GOAL] G10: Lidar Avoidance
	Children: none
	Tasks: T7
	Type: achieve
	Relation to children: and
	Execution detail: none
	[TRACE]: [G10] Emits module: G10
	[TRACE] G10.SINGLE_GOAL -> G10_achievable 
	[FORMULA DEFINITION] G10_achievable; guard statement: T7_achievable
		[PRISM emitted statement]: formula G10_achievable = T7_achievable;
	[VARIABLE DEFINITION] G10_pursued; initial value: 0; upper bound: 1; type: int
	[VARIABLE DEFINITION] G10_achieved; initial value: 0; upper bound: 1; type: int
	[PURSUE GENERATION] G10 - STEP 1
		[DEFAULT PURSUE CONDITION] [pursue_G10] G10_pursued=0 & G10_achieved=0
		[UPDATE] (G10_pursued'=1)
	[PURSUE GENERATION] T7 - STEP 1
		[DEFAULT PURSUE CONDITION] [pursue_T7] G10_pursued=1 & G10_achieved=0
		[UPDATE] true
		PRISM statement: [pursue_T7] G10_pursued=1 & G10_achieved=0 -> true
	[END OF STEP 1]
	[PURSUE GENERATION] G10 - STEP 2
		[EXECUTION DETAIL: SKIP] Skipping condition generation for itself on runtime guard generation step
		PRISM statement: [pursue_G10] G10_pursued=0 & G10_achieved=0 -> (G10_pursued'=1)
	[END OF STEP 2]
	[PURSUE GENERATION] T7 - STEP 2
		[TRACE] T7: and goal detected
		[EXECUTION DETAIL: SKIP] Skipping condition generation for T7 on runtime guard generation step, no execution detail
		PRISM statement: [pursue_T7] G10_pursued=1 & G10_achieved=0 -> true
	[END OF STEP 2]
		[TRACE] G10: no activation context guard detected
		[EXECUTION DETAIL: CONTEXT] Guard statement: G10 has no activation context
		PRISM statement: [pursue_G10] G10_pursued=0 & G10_achieved=0 -> (G10_pursued'=1)
	[END OF STEP 3]
		[TRACE] T7: no activation context guard detected
		[EXECUTION DETAIL: CONTEXT] Guard statement: T7 has no activation context
		PRISM statement: [pursue_T7] G10_pursued=1 & G10_achieved=0 -> true
	[END OF STEP 3]
	[END OF PURSUE]
	[END OF PURSUE]
	[ACHIEVE] Goal G10 achieved label
		[CONDITION] G10_pursued=1 & (T7_achieved=1)
		[UPDATE] (G10_pursued'=0) & (G10_achieved'=1);
		PRISM statement: [achieved_G10] G10_pursued=1 & (T7_achieved=1) -> (G10_pursued'=0) & (G10_achieved'=1);
	[END OF ACHIEVE]
	[SKIP] Goal G10 skipped label
		[CONDITION] G10_pursued=1 & T7_pursued=0
		[UPDATE] (G10_pursued'=0);
		PRISM statement: [skip_G10] G10_pursued=1 & T7_pursued=0 -> (G10_pursued'=0);
	[END OF SKIP]
[INIT GOAL] G11: Identify Delivery Spot
	Children: none
	Tasks: T9
	Type: achieve
	Relation to children: and
	Execution detail: none
	[TRACE]: [G11] Emits module: G11
	[TRACE] G11.SINGLE_GOAL -> G11_achievable 
	[FORMULA DEFINITION] G11_achievable; guard statement: T9_achievable
		[PRISM emitted statement]: formula G11_achievable = T9_achievable;
	[VARIABLE DEFINITION] G11_pursued; initial value: 0; upper bound: 1; type: int
	[VARIABLE DEFINITION] G11_achieved; initial value: 0; upper bound: 1; type: int
	[PURSUE GENERATION] G11 - STEP 1
		[DEFAULT PURSUE CONDITION] [pursue_G11] G11_pursued=0 & G11_achieved=0
		[UPDATE] (G11_pursued'=1)
	[PURSUE GENERATION] T9 - STEP 1
		[DEFAULT PURSUE CONDITION] [pursue_T9] G11_pursued=1 & G11_achieved=0
		[UPDATE] true
		PRISM statement: [pursue_T9] G11_pursued=1 & G11_achieved=0 -> true
	[END OF STEP 1]
	[PURSUE GENERATION] G11 - STEP 2
		[EXECUTION DETAIL: SKIP] Skipping condition generation for itself on runtime guard generation step
		PRISM statement: [pursue_G11] G11_pursued=0 & G11_achieved=0 -> (G11_pursued'=1)
	[END OF STEP 2]
	[PURSUE GENERATION] T9 - STEP 2
		[TRACE] T9: and goal detected
		[EXECUTION DETAIL: SKIP] Skipping condition generation for T9 on runtime guard generation step, no execution detail
		PRISM statement: [pursue_T9] G11_pursued=1 & G11_achieved=0 -> true
	[END OF STEP 2]
		[TRACE] G11: no activation context guard detected
		[EXECUTION DETAIL: CONTEXT] Guard statement: G11 has no activation context
		PRISM statement: [pursue_G11] G11_pursued=0 & G11_achieved=0 -> (G11_pursued'=1)
	[END OF STEP 3]
		[TRACE] T9: no activation context guard detected
		[EXECUTION DETAIL: CONTEXT] Guard statement: T9 has no activation context
		PRISM statement: [pursue_T9] G11_pursued=1 & G11_achieved=0 -> true
	[END OF STEP 3]
	[END OF PURSUE]
	[END OF PURSUE]
	[ACHIEVE] Goal G11 achieved label
		[CONDITION] G11_pursued=1 & (T9_achieved=1)
		[UPDATE] (G11_pursued'=0) & (G11_achieved'=1);
		PRISM statement: [achieved_G11] G11_pursued=1 & (T9_achieved=1) -> (G11_pursued'=0) & (G11_achieved'=1);
	[END OF ACHIEVE]
	[SKIP] Goal G11 skipped label
		[CONDITION] G11_pursued=1 & T9_pursued=0
		[UPDATE] (G11_pursued'=0);
		PRISM statement: [skip_G11] G11_pursued=1 & T9_pursued=0 -> (G11_pursued'=0);
	[END OF SKIP]
[INIT GOAL] G12: Perform Drop
	Children: none
	Tasks: T10
	Type: achieve
	Relation to children: and
	Execution detail: none
	[TRACE]: [G12] Emits module: G12
	[TRACE] G12.SINGLE_GOAL -> G12_achievable 
	[FORMULA DEFINITION] G12_achievable; guard statement: T10_achievable
		[PRISM emitted statement]: formula G12_achievable = T10_achievable;
	[VARIABLE DEFINITION] G12_pursued; initial value: 0; upper bound: 1; type: int
	[VARIABLE DEFINITION] G12_achieved; initial value: 0; upper bound: 1; type: int
	[PURSUE GENERATION] G12 - STEP 1
		[DEFAULT PURSUE CONDITION] [pursue_G12] G12_pursued=0 & G12_achieved=0
		[UPDATE] (G12_pursued'=1)
	[PURSUE GENERATION] T10 - STEP 1
		[DEFAULT PURSUE CONDITION] [pursue_T10] G12_pursued=1 & G12_achieved=0
		[UPDATE] true
		PRISM statement: [pursue_T10] G12_pursued=1 & G12_achieved=0 -> true
	[END OF STEP 1]
	[PURSUE GENERATION] G12 - STEP 2
		[EXECUTION DETAIL: SKIP] Skipping condition generation for itself on runtime guard generation step
		PRISM statement: [pursue_G12] G12_pursued=0 & G12_achieved=0 -> (G12_pursued'=1)
	[END OF STEP 2]
	[PURSUE GENERATION] T10 - STEP 2
		[TRACE] T10: and goal detected
		[EXECUTION DETAIL: SKIP] Skipping condition generation for T10 on runtime guard generation step, no execution detail
		PRISM statement: [pursue_T10] G12_pursued=1 & G12_achieved=0 -> true
	[END OF STEP 2]
		[TRACE] G12: no activation context guard detected
		[EXECUTION DETAIL: CONTEXT] Guard statement: G12 has no activation context
		PRISM statement: [pursue_G12] G12_pursued=0 & G12_achieved=0 -> (G12_pursued'=1)
	[END OF STEP 3]
		[TRACE] T10: no activation context guard detected
		[EXECUTION DETAIL: CONTEXT] Guard statement: T10 has no activation context
		PRISM statement: [pursue_T10] G12_pursued=1 & G12_achieved=0 -> true
	[END OF STEP 3]
	[END OF PURSUE]
	[END OF PURSUE]
	[ACHIEVE] Goal G12 achieved label
		[CONDITION] G12_pursued=1 & (T10_achieved=1)
		[UPDATE] (G12_pursued'=0) & (G12_achieved'=1);
		PRISM statement: [achieved_G12] G12_pursued=1 & (T10_achieved=1) -> (G12_pursued'=0) & (G12_achieved'=1);
	[END OF ACHIEVE]
	[SKIP] Goal G12 skipped label
		[CONDITION] G12_pursued=1 & T10_pursued=0
		[UPDATE] (G12_pursued'=0);
		PRISM statement: [skip_G12] G12_pursued=1 & T10_pursued=0 -> (G12_pursued'=0);
	[END OF SKIP]
[CHANGE MANAGER MODULE START]
	[TASK ACHIEVABILITY CONSTANT] T1: T1_achievable = 0.8
	[TASK ACHIEVABILITY CONSTANT] T10: T10_achievable = 0.8
	[TASK ACHIEVABILITY CONSTANT] T2: T2_achievable = 0.8
	[TASK ACHIEVABILITY CONSTANT] T3: T3_achievable = 0.8
	[TASK ACHIEVABILITY CONSTANT] T4: T4_achievable = 0.8
	[TASK ACHIEVABILITY CONSTANT] T5: T5_achievable = 0.8
	[TASK ACHIEVABILITY CONSTANT] T6: T6_achievable = 0.8
	[TASK ACHIEVABILITY CONSTANT] T7: T7_achievable = 0.8
	[TASK ACHIEVABILITY CONSTANT] T9: T9_achievable = 0.8
[INIT TASK] T1: Acquire GPS fix
	Resources: none
	[VARIABLE DEFINITION] T1_pursued; initial value: 0; upper bound: 1; type: int
	[VARIABLE DEFINITION] T1_achieved; initial value: 0; upper bound: 1; type: int
	[PURSUE] Task T1 PURSUE label
		[CONDITION] T1_pursued=0 & T1_achieved=0
		[UPDATE] (T1_pursued'=1)
		PRISM statement: [pursue_T1] T1_pursued=0 & T1_achieved=0 -> (T1_pursued'=1);
	[END OF PURSUE]
	[TRY] Task T1 TRY label
		[CONDITION] [try_T1] T1_pursued=1 & T1_achieved=0
		[UPDATE] T1_achievable: (T1_achieved'=1) + 1-T1_achievable: (T1_pursued'=0);
		PRISM statement: [try_T1] T1_pursued=1 & T1_achieved=0 -> T1_achievable: (T1_achieved'=1) + 1-T1_achievable: (T1_pursued'=0);
	[END OF TRY]
	[ACHIEVE] Task T1 ACHIEVE label
		[CONDITION] T1_pursued=1 & T1_achieved=1
		[UPDATE] true
		PRISM statement: [achieved_T1] T1_pursued=1 & T1_achieved=1 -> true;
	[END OF ACHIEVE]
[INIT TASK] T10: Release package
	Resources: none
	[VARIABLE DEFINITION] T10_pursued; initial value: 0; upper bound: 1; type: int
	[VARIABLE DEFINITION] T10_achieved; initial value: 0; upper bound: 1; type: int
	[PURSUE] Task T10 PURSUE label
		[CONDITION] T10_pursued=0 & T10_achieved=0
		[UPDATE] (T10_pursued'=1)
		PRISM statement: [pursue_T10] T10_pursued=0 & T10_achieved=0 -> (T10_pursued'=1);
	[END OF PURSUE]
	[TRY] Task T10 TRY label
		[CONDITION] [try_T10] T10_pursued=1 & T10_achieved=0
		[UPDATE] T10_achievable: (T10_achieved'=1) + 1-T10_achievable: (T10_pursued'=0);
		PRISM statement: [try_T10] T10_pursued=1 & T10_achieved=0 -> T10_achievable: (T10_achieved'=1) + 1-T10_achievable: (T10_pursued'=0);
	[END OF TRY]
	[ACHIEVE] Task T10 ACHIEVE label
		[CONDITION] T10_pursued=1 & T10_achieved=1
		[UPDATE] true
		PRISM statement: [achieved_T10] T10_pursued=1 & T10_achieved=1 -> true;
	[END OF ACHIEVE]
[INIT TASK] T2: Generate initial route
	Resources: none
	[VARIABLE DEFINITION] T2_pursued; initial value: 0; upper bound: 1; type: int
	[VARIABLE DEFINITION] T2_achieved; initial value: 0; upper bound: 1; type: int
	[PURSUE] Task T2 PURSUE label
		[CONDITION] T2_pursued=0 & T2_achieved=0
		[UPDATE] (T2_pursued'=1)
		PRISM statement: [pursue_T2] T2_pursued=0 & T2_achieved=0 -> (T2_pursued'=1);
	[END OF PURSUE]
	[TRY] Task T2 TRY label
		[CONDITION] [try_T2] T2_pursued=1 & T2_achieved=0
		[UPDATE] T2_achievable: (T2_achieved'=1) + 1-T2_achievable: (T2_pursued'=0);
		PRISM statement: [try_T2] T2_pursued=1 & T2_achieved=0 -> T2_achievable: (T2_achieved'=1) + 1-T2_achievable: (T2_pursued'=0);
	[END OF TRY]
	[ACHIEVE] Task T2 ACHIEVE label
		[CONDITION] T2_pursued=1 & T2_achieved=1
		[UPDATE] true
		PRISM statement: [achieved_T2] T2_pursued=1 & T2_achieved=1 -> true;
	[END OF ACHIEVE]
[INIT TASK] T3: Find obstacles around route
	Resources: none
	[VARIABLE DEFINITION] T3_pursued; initial value: 0; upper bound: 1; type: int
	[VARIABLE DEFINITION] T3_achieved; initial value: 0; upper bound: 1; type: int
	[PURSUE] Task T3 PURSUE label
		[CONDITION] T3_pursued=0 & T3_achieved=0
		[UPDATE] (T3_pursued'=1)
		PRISM statement: [pursue_T3] T3_pursued=0 & T3_achieved=0 -> (T3_pursued'=1);
	[END OF PURSUE]
	[TRY] Task T3 TRY label
		[CONDITION] [try_T3] T3_pursued=1 & T3_achieved=0
		[UPDATE] T3_achievable: (T3_achieved'=1) + 1-T3_achievable: (T3_pursued'=0);
		PRISM statement: [try_T3] T3_pursued=1 & T3_achieved=0 -> T3_achievable: (T3_achieved'=1) + 1-T3_achievable: (T3_pursued'=0);
	[END OF TRY]
	[ACHIEVE] Task T3 ACHIEVE label
		[CONDITION] T3_pursued=1 & T3_achieved=1
		[UPDATE] true
		PRISM statement: [achieved_T3] T3_pursued=1 & T3_achieved=1 -> true;
	[END OF ACHIEVE]
[INIT TASK] T4: Set nominal speed altitude
	Resources: none
	[VARIABLE DEFINITION] T4_pursued; initial value: 0; upper bound: 1; type: int
	[VARIABLE DEFINITION] T4_achieved; initial value: 0; upper bound: 1; type: int
	[PURSUE] Task T4 PURSUE label
		[CONDITION] T4_pursued=0 & T4_achieved=0
		[UPDATE] (T4_pursued'=1)
		PRISM statement: [pursue_T4] T4_pursued=0 & T4_achieved=0 -> (T4_pursued'=1);
	[END OF PURSUE]
	[TRY] Task T4 TRY label
		[CONDITION] [try_T4] T4_pursued=1 & T4_achieved=0
		[UPDATE] T4_achievable: (T4_achieved'=1) + 1-T4_achievable: (T4_pursued'=0);
		PRISM statement: [try_T4] T4_pursued=1 & T4_achieved=0 -> T4_achievable: (T4_achieved'=1) + 1-T4_achievable: (T4_pursued'=0);
	[END OF TRY]
	[ACHIEVE] Task T4 ACHIEVE label
		[CONDITION] T4_pursued=1 & T4_achieved=1
		[UPDATE] true
		PRISM statement: [achieved_T4] T4_pursued=1 & T4_achieved=1 -> true;
	[END OF ACHIEVE]
[INIT TASK] T5: Increase speed relax smoothing
	Resources: none
	[VARIABLE DEFINITION] T5_pursued; initial value: 0; upper bound: 1; type: int
	[VARIABLE DEFINITION] T5_achieved; initial value: 0; upper bound: 1; type: int
	[PURSUE] Task T5 PURSUE label
		[CONDITION] T5_pursued=0 & T5_achieved=0
		[UPDATE] (T5_pursued'=1)
		PRISM statement: [pursue_T5] T5_pursued=0 & T5_achieved=0 -> (T5_pursued'=1);
	[END OF PURSUE]
	[TRY] Task T5 TRY label
		[CONDITION] [try_T5] T5_pursued=1 & T5_achieved=0
		[UPDATE] T5_achievable: (T5_achieved'=1) + 1-T5_achievable: (T5_pursued'=0);
		PRISM statement: [try_T5] T5_pursued=1 & T5_achieved=0 -> T5_achievable: (T5_achieved'=1) + 1-T5_achievable: (T5_pursued'=0);
	[END OF TRY]
	[ACHIEVE] Task T5 ACHIEVE label
		[CONDITION] T5_pursued=1 & T5_achieved=1
		[UPDATE] true
		PRISM statement: [achieved_T5] T5_pursued=1 & T5_achieved=1 -> true;
	[END OF ACHIEVE]
[INIT TASK] T6: Camera-based obstacle detection
	Resources: none
	[VARIABLE DEFINITION] T6_pursued; initial value: 0; upper bound: 1; type: int
	[VARIABLE DEFINITION] T6_achieved; initial value: 0; upper bound: 1; type: int
	[PURSUE] Task T6 PURSUE label
		[CONDITION] T6_pursued=0 & T6_achieved=0
		[UPDATE] (T6_pursued'=1)
		PRISM statement: [pursue_T6] T6_pursued=0 & T6_achieved=0 -> (T6_pursued'=1);
	[END OF PURSUE]
	[TRY] Task T6 TRY label
		[CONDITION] [try_T6] T6_pursued=1 & T6_achieved=0
		[UPDATE] T6_achievable: (T6_achieved'=1) + 1-T6_achievable: (T6_pursued'=0);
		PRISM statement: [try_T6] T6_pursued=1 & T6_achieved=0 -> T6_achievable: (T6_achieved'=1) + 1-T6_achievable: (T6_pursued'=0);
	[END OF TRY]
	[ACHIEVE] Task T6 ACHIEVE label
		[CONDITION] T6_pursued=1 & T6_achieved=1
		[UPDATE] true
		PRISM statement: [achieved_T6] T6_pursued=1 & T6_achieved=1 -> true;
	[END OF ACHIEVE]
[INIT TASK] T7: Lidar-based obstacle detection
	Resources: none
	[VARIABLE DEFINITION] T7_pursued; initial value: 0; upper bound: 1; type: int
	[VARIABLE DEFINITION] T7_achieved; initial value: 0; upper bound: 1; type: int
	[PURSUE] Task T7 PURSUE label
		[CONDITION] T7_pursued=0 & T7_achieved=0
		[UPDATE] (T7_pursued'=1)
		PRISM statement: [pursue_T7] T7_pursued=0 & T7_achieved=0 -> (T7_pursued'=1);
	[END OF PURSUE]
	[TRY] Task T7 TRY label
		[CONDITION] [try_T7] T7_pursued=1 & T7_achieved=0
		[UPDATE] T7_achievable: (T7_achieved'=1) + 1-T7_achievable: (T7_pursued'=0);
		PRISM statement: [try_T7] T7_pursued=1 & T7_achieved=0 -> T7_achievable: (T7_achieved'=1) + 1-T7_achievable: (T7_pursued'=0);
	[END OF TRY]
	[ACHIEVE] Task T7 ACHIEVE label
		[CONDITION] T7_pursued=1 & T7_achieved=1
		[UPDATE] true
		PRISM statement: [achieved_T7] T7_pursued=1 & T7_achieved=1 -> true;
	[END OF ACHIEVE]
[INIT TASK] T9: Detect landing marker
	Resources: none
	[VARIABLE DEFINITION] T9_pursued; initial value: 0; upper bound: 1; type: int
	[VARIABLE DEFINITION] T9_achieved; initial value: 0; upper bound: 1; type: int
	[PURSUE] Task T9 PURSUE label
		[CONDITION] T9_pursued=0 & T9_achieved=0
		[UPDATE] (T9_pursued'=1)
		PRISM statement: [pursue_T9] T9_pursued=0 & T9_achieved=0 -> (T9_pursued'=1);
	[END OF PURSUE]
	[TRY] Task T9 TRY label
		[CONDITION] [try_T9] T9_pursued=1 & T9_achieved=0
		[UPDATE] T9_achievable: (T9_achieved'=1) + 1-T9_achievable: (T9_pursued'=0);
		PRISM statement: [try_T9] T9_pursued=1 & T9_achieved=0 -> T9_achievable: (T9_achieved'=1) + 1-T9_achievable: (T9_pursued'=0);
	[END OF TRY]
	[ACHIEVE] Task T9 ACHIEVE label
		[CONDITION] T9_pursued=1 & T9_achieved=1
		[UPDATE] true
		PRISM statement: [achieved_T9] T9_pursued=1 & T9_achieved=1 -> true;
	[END OF ACHIEVE]
[INIT SYSTEM MODULE]
----------------------------------------
[LOGGER SUMMARY] examples/deliveryDrone/4-interleavedChoicePDegradation.txt
[ELAPSED TIME] 8ms
----------MODEL STRUCTURE SUMMARY----------
[TOTAL GOALS] 13
[TOTAL TASKS] 9
[TOTAL RESOURCES] 0
[TOTAL NODES] 22
[TOTAL VARIABLES] 45
----------GOAL TYPE BREAKDOWN----------
[GOAL TYPE: DEGRADATION] 1
[GOAL TYPE: CHOICE] 1
[GOAL TYPE: ALTERNATIVE] 0
[GOAL TYPE: SEQUENCE] 2
[GOAL TYPE: INTERLEAVED] 3
----------GOAL SUMMARY----------
[GOAL MODULES] 13
[GOAL VARIABLES] 27
[GOAL PURSUE LINES] 34
[GOAL ACHIEVED LINES] 13
[GOAL SKIPPED LINES] 13
[GOAL ACHIEVABILITY FORMULAS] 13
[GOAL MAINTAIN FORMULAS] 0
----------CHANGE MANAGER SUMMARY----------
[TASKS VARIABLES] 18
[TASKS LABELS] 27
[TASKS TRY LINES] 9
[TASKS FAILED LINES] 0
[TASKS ACHIEVED LINES] 9
[TASKS SKIPPED LINES] 9
[TASKS ACHIEVABILITY CONSTANTS] 9
----------SYSTEM SUMMARY----------
[SYSTEM VARIABLES] 0
[SYSTEM RESOURCES] 0
[SYSTEM CONTEXT VARIABLES] 0
----------------------------------------

==========================================
MEMORY USAGE
Generated at: Sun Nov 23 16:43:00 UTC 2025
----------------------------------------
Memory usage: 370 MB (379568 KB, 388677632 bytes)
==========================================
