[INIT GOAL] G0: Provide Sample Delivery
	Children: G1, G2
	Tasks: none
	Type: achieve
	Relation to children: and
	Execution detail: interleaved
	[TRACE]: [G0] Emits module: G0
	[TRACE] G0.AND -> G0_achievable 
	[FORMULA DEFINITION] G0_achievable; guard statement: G1_achievable * G2_achievable
		[PRISM emitted statement]: formula G0_achievable = G1_achievable * G2_achievable;
	[VARIABLE DEFINITION] G0_pursued; initial value: 0; upper bound: 1; type: int
	[VARIABLE DEFINITION] G0_achieved; initial value: 0; upper bound: 1; type: int
	[PURSUE GENERATION] G0 - STEP 1
		[DEFAULT PURSUE CONDITION] [pursue_G0] G0_pursued=0 & G0_achieved=0
		[UPDATE] (G0_pursued'=1)
	[PURSUE GENERATION] G1 - STEP 1
		[DEFAULT PURSUE CONDITION] [pursue_G1] G0_pursued=1 & G0_achieved=0
		[UPDATE] true
		PRISM statement: [pursue_G1] G0_pursued=1 & G0_achieved=0 -> true
	[END OF STEP 1]
	[PURSUE GENERATION] G2 - STEP 1
		[DEFAULT PURSUE CONDITION] [pursue_G2] G0_pursued=1 & G0_achieved=0
		[UPDATE] true
		PRISM statement: [pursue_G2] G0_pursued=1 & G0_achieved=0 -> true
	[END OF STEP 1]
	[PURSUE GENERATION] G0 - STEP 2
		[EXECUTION DETAIL: SKIP] Skipping condition generation for itself on runtime guard generation step
		PRISM statement: [pursue_G0] G0_pursued=0 & G0_achieved=0 -> (G0_pursued'=1)
	[END OF STEP 2]
	[PURSUE GENERATION] G1 - STEP 2
		[TRACE] G1: and goal detected
		[TRACE] G1: interleaved execution detail detected
		[EXECUTION DETAIL: INTERLEAVED] interleaved goals have no guard condition
		PRISM statement: [pursue_G1] G0_pursued=1 & G0_achieved=0 -> true
	[END OF STEP 2]
	[PURSUE GENERATION] G2 - STEP 2
		[TRACE] G2: and goal detected
		[TRACE] G2: interleaved execution detail detected
		[EXECUTION DETAIL: INTERLEAVED] interleaved goals have no guard condition
		PRISM statement: [pursue_G2] G0_pursued=1 & G0_achieved=0 -> true
	[END OF STEP 2]
		[TRACE] G0: no activation context guard detected
		[EXECUTION DETAIL: CONTEXT] Guard statement: G0 has no activation context
		PRISM statement: [pursue_G0] G0_pursued=0 & G0_achieved=0 -> (G0_pursued'=1)
	[END OF STEP 3]
		[TRACE] G1: activation context guard detected
		[EXECUTION DETAIL: CONTEXT] Guard statement: G1_achieved_maintain=false
		PRISM statement: [pursue_G1] G0_pursued=1 & G0_achieved=0 & G1_achieved_maintain=false -> true
	[END OF STEP 3]
		[TRACE] G2: no activation context guard detected
		[EXECUTION DETAIL: CONTEXT] Guard statement: G2 has no activation context
		PRISM statement: [pursue_G2] G0_pursued=1 & G0_achieved=0 -> true
	[END OF STEP 3]
	[END OF PURSUE]
	[END OF PURSUE]
	[END OF PURSUE]
	[ACHIEVE] Goal G0 achieved label
		[CONDITION] G0_pursued=1 & (G1_achieved_maintain=true & G2_achieved=1)
		[UPDATE] (G0_pursued'=0) & (G0_achieved'=1);
		PRISM statement: [achieved_G0] G0_pursued=1 & (G1_achieved_maintain=true & G2_achieved=1) -> (G0_pursued'=0) & (G0_achieved'=1);
	[END OF ACHIEVE]
	[SKIP] Goal G0 skipped label
		[CONDITION] G0_pursued=1 & G1_pursued=0 & G2_pursued=0
		[UPDATE] (G0_pursued'=0);
		PRISM statement: [skip_G0] G0_pursued=1 & G1_pursued=0 & G2_pursued=0 -> (G0_pursued'=0);
	[END OF SKIP]
[INIT GOAL] G1: Monitor Sample Track System
	Children: none
	Tasks: T1
	Type: maintain
	Relation to children: and
	Execution detail: none
	[TRACE]: [G1] Emits module: G1
	[TRACE] G1.maintainCondition -> G1_achieved_maintain 
	[FORMULA DEFINITION] G1_achieved_maintain; guard statement: !sampleLoaded
		[PRISM emitted statement]: formula G1_achieved_maintain = !sampleLoaded;
	[TRACE] G1.SINGLE_GOAL -> G1_achievable 
	[FORMULA DEFINITION] G1_achievable; guard statement: T1_achievable
		[PRISM emitted statement]: formula G1_achievable = T1_achievable;
	[VARIABLE DEFINITION] G1_pursued; initial value: 0; upper bound: 1; type: int
	[PURSUE GENERATION] G1 - STEP 1
		[DEFAULT PURSUE CONDITION] [pursue_G1] G1_pursued=0 & G1_achieved_maintain=false
		[UPDATE] (G1_pursued'=1)
	[PURSUE GENERATION] T1 - STEP 1
		[DEFAULT PURSUE CONDITION] [pursue_T1] G1_pursued=1 & G1_achieved_maintain=false
		[UPDATE] true
		PRISM statement: [pursue_T1] G1_pursued=1 & G1_achieved_maintain=false -> true
	[END OF STEP 1]
	[PURSUE GENERATION] G1 - STEP 2
		[EXECUTION DETAIL: SKIP] Skipping condition generation for itself on runtime guard generation step
		PRISM statement: [pursue_G1] G1_pursued=0 & G1_achieved_maintain=false -> (G1_pursued'=1)
	[END OF STEP 2]
	[PURSUE GENERATION] T1 - STEP 2
		[TRACE] T1: and goal detected
		[EXECUTION DETAIL: SKIP] Skipping condition generation for T1 on runtime guard generation step, no execution detail
		PRISM statement: [pursue_T1] G1_pursued=1 & G1_achieved_maintain=false -> true
	[END OF STEP 2]
		[TRACE] G1: activation context guard detected
		[EXECUTION DETAIL: CONTEXT] Guard statement: 
		PRISM statement: [pursue_G1] G1_pursued=0 & G1_achieved_maintain=false & sampleLoaded -> (G1_pursued'=1)
	[END OF STEP 3]
		[TRACE] T1: activation context guard detected
		[EXECUTION DETAIL: CONTEXT] Guard statement: 
		PRISM statement: [pursue_T1] G1_pursued=1 & G1_achieved_maintain=false & R0=true -> true
	[END OF STEP 3]
	[END OF PURSUE]
	[END OF PURSUE]
	[ACHIEVE] Goal G1 achieved label
		[CONDITION] G1_pursued=1 & (T1_achieved=1)
		[UPDATE] (G1_pursued'=0);
		PRISM statement: [achieved_G1] G1_pursued=1 & (T1_achieved=1) -> (G1_pursued'=0);
	[END OF ACHIEVE]
	[SKIP] Goal G1 skipped label
		[CONDITION] G1_pursued=1 & T1_pursued=0
		[UPDATE] (G1_pursued'=0);
		PRISM statement: [skip_G1] G1_pursued=1 & T1_pursued=0 -> (G1_pursued'=0);
	[END OF SKIP]
[INIT GOAL] G2: Deliver Sample and Pickup Sample if Needed
	Children: G13, G6
	Tasks: none
	Type: achieve
	Relation to children: and
	Execution detail: sequence
	[TRACE]: [G2] Emits module: G2
	[TRACE] G2.AND -> G2_achievable 
	[FORMULA DEFINITION] G2_achievable; guard statement: G13_achievable * G6_achievable
		[PRISM emitted statement]: formula G2_achievable = G13_achievable * G6_achievable;
	[VARIABLE DEFINITION] G2_pursued; initial value: 0; upper bound: 1; type: int
	[VARIABLE DEFINITION] G2_achieved; initial value: 0; upper bound: 1; type: int
	[PURSUE GENERATION] G2 - STEP 1
		[DEFAULT PURSUE CONDITION] [pursue_G2] G2_pursued=0 & G2_achieved=0
		[UPDATE] (G2_pursued'=1)
	[PURSUE GENERATION] G13 - STEP 1
		[DEFAULT PURSUE CONDITION] [pursue_G13] G2_pursued=1 & G2_achieved=0
		[UPDATE] true
		PRISM statement: [pursue_G13] G2_pursued=1 & G2_achieved=0 -> true
	[END OF STEP 1]
	[PURSUE GENERATION] G6 - STEP 1
		[DEFAULT PURSUE CONDITION] [pursue_G6] G2_pursued=1 & G2_achieved=0
		[UPDATE] true
		PRISM statement: [pursue_G6] G2_pursued=1 & G2_achieved=0 -> true
	[END OF STEP 1]
	[PURSUE GENERATION] G2 - STEP 2
		[EXECUTION DETAIL: SKIP] Skipping condition generation for itself on runtime guard generation step
		PRISM statement: [pursue_G2] G2_pursued=0 & G2_achieved=0 -> (G2_pursued'=1)
	[END OF STEP 2]
	[PURSUE GENERATION] G13 - STEP 2
		[TRACE] G13: and goal detected
		[TRACE] G13: sequence execution detail detected
		[EXECUTION DETAIL: SEQUENCE] G2: Curr G13;
			[LEFT GOALS] - should be achieved:  none
			[RIGHT GOALS] - should be not achieved: G6
		PRISM statement: [pursue_G13] G2_pursued=1 & G2_achieved=0 & G13_achieved=0 -> true
	[END OF STEP 2]
	[PURSUE GENERATION] G6 - STEP 2
		[TRACE] G6: and goal detected
		[TRACE] G6: sequence execution detail detected
		[EXECUTION DETAIL: SEQUENCE] G2: Curr G6;
			[LEFT GOALS] - should be achieved:  G13
			[RIGHT GOALS] - should be not achieved: 
		PRISM statement: [pursue_G6] G2_pursued=1 & G2_achieved=0 & G13_achieved=1 -> true
	[END OF STEP 2]
		[TRACE] G2: no activation context guard detected
		[EXECUTION DETAIL: CONTEXT] Guard statement: G2 has no activation context
		PRISM statement: [pursue_G2] G2_pursued=0 & G2_achieved=0 -> (G2_pursued'=1)
	[END OF STEP 3]
		[TRACE] G13: no activation context guard detected
		[EXECUTION DETAIL: CONTEXT] Guard statement: G13 has no activation context
		PRISM statement: [pursue_G13] G2_pursued=1 & G2_achieved=0 & G13_achieved=0 -> true
	[END OF STEP 3]
		[TRACE] G6: no activation context guard detected
		[EXECUTION DETAIL: CONTEXT] Guard statement: G6 has no activation context
		PRISM statement: [pursue_G6] G2_pursued=1 & G2_achieved=0 & G13_achieved=1 -> true
	[END OF STEP 3]
	[END OF PURSUE]
	[END OF PURSUE]
	[END OF PURSUE]
	[ACHIEVE] Goal G2 achieved label
		[CONDITION] G2_pursued=1 & (G13_achieved=1 & G6_achieved=1)
		[UPDATE] (G2_pursued'=0) & (G2_achieved'=1);
		PRISM statement: [achieved_G2] G2_pursued=1 & (G13_achieved=1 & G6_achieved=1) -> (G2_pursued'=0) & (G2_achieved'=1);
	[END OF ACHIEVE]
	[SKIP] Goal G2 skipped label
		[CONDITION] G2_pursued=1 & G13_pursued=0 & G6_pursued=0
		[UPDATE] (G2_pursued'=0);
		PRISM statement: [skip_G2] G2_pursued=1 & G13_pursued=0 & G6_pursued=0 -> (G2_pursued'=0);
	[END OF SKIP]
[INIT GOAL] G3: Pickup Sample
	Children: G5
	Tasks: none
	Type: achieve
	Relation to children: and
	Execution detail: sequence
	[TRACE]: [G3] Emits module: G3
	[TRACE] G3.SINGLE_GOAL -> G3_achievable 
	[FORMULA DEFINITION] G3_achievable; guard statement: G5_achievable
		[PRISM emitted statement]: formula G3_achievable = G5_achievable;
	[VARIABLE DEFINITION] G3_pursued; initial value: 0; upper bound: 1; type: int
	[VARIABLE DEFINITION] G3_achieved; initial value: 0; upper bound: 1; type: int
	[PURSUE GENERATION] G3 - STEP 1
		[DEFAULT PURSUE CONDITION] [pursue_G3] G3_pursued=0 & G3_achieved=0
		[UPDATE] (G3_pursued'=1)
	[PURSUE GENERATION] G5 - STEP 1
		[DEFAULT PURSUE CONDITION] [pursue_G5] G3_pursued=1 & G3_achieved=0
		[UPDATE] true
		PRISM statement: [pursue_G5] G3_pursued=1 & G3_achieved=0 -> true
	[END OF STEP 1]
	[PURSUE GENERATION] G3 - STEP 2
		[EXECUTION DETAIL: SKIP] Skipping condition generation for itself on runtime guard generation step
		PRISM statement: [pursue_G3] G3_pursued=0 & G3_achieved=0 -> (G3_pursued'=1)
	[END OF STEP 2]
	[PURSUE GENERATION] G5 - STEP 2
		[TRACE] G5: and goal detected
		[TRACE] G5: sequence execution detail detected
		[EXECUTION DETAIL: SEQUENCE] G3: Curr G5;
			[LEFT GOALS] - should be achieved:  none
			[RIGHT GOALS] - should be not achieved: G6
		PRISM statement: [pursue_G5] G3_pursued=1 & G3_achieved=0 & G5_achieved=0 -> true
	[END OF STEP 2]
		[TRACE] G3: no activation context guard detected
		[EXECUTION DETAIL: CONTEXT] Guard statement: G3 has no activation context
		PRISM statement: [pursue_G3] G3_pursued=0 & G3_achieved=0 -> (G3_pursued'=1)
	[END OF STEP 3]
		[TRACE] G5: no activation context guard detected
		[EXECUTION DETAIL: CONTEXT] Guard statement: G5 has no activation context
		PRISM statement: [pursue_G5] G3_pursued=1 & G3_achieved=0 & G5_achieved=0 -> true
	[END OF STEP 3]
	[END OF PURSUE]
	[END OF PURSUE]
	[ACHIEVE] Goal G3 achieved label
		[CONDITION] G3_pursued=1 & (G5_achieved=1)
		[UPDATE] (G3_pursued'=0) & (G3_achieved'=1);
		PRISM statement: [achieved_G3] G3_pursued=1 & (G5_achieved=1) -> (G3_pursued'=0) & (G3_achieved'=1);
	[END OF ACHIEVE]
	[SKIP] Goal G3 skipped label
		[CONDITION] G3_pursued=1 & G5_pursued=0
		[UPDATE] (G3_pursued'=0);
		PRISM statement: [skip_G3] G3_pursued=1 & G5_pursued=0 -> (G3_pursued'=0);
	[END OF SKIP]
[INIT GOAL] G4: Load sample to deliver
	Children: none
	Tasks: T5
	Type: achieve
	Relation to children: and
	Execution detail: none
	[TRACE]: [G4] Emits module: G4
	[TRACE] G4.SINGLE_GOAL -> G4_achievable 
	[FORMULA DEFINITION] G4_achievable; guard statement: T5_achievable
		[PRISM emitted statement]: formula G4_achievable = T5_achievable;
	[VARIABLE DEFINITION] G4_pursued; initial value: 0; upper bound: 1; type: int
	[VARIABLE DEFINITION] G4_achieved; initial value: 0; upper bound: 1; type: int
	[PURSUE GENERATION] G4 - STEP 1
		[DEFAULT PURSUE CONDITION] [pursue_G4] G4_pursued=0 & G4_achieved=0
		[UPDATE] (G4_pursued'=1)
	[PURSUE GENERATION] T5 - STEP 1
		[DEFAULT PURSUE CONDITION] [pursue_T5] G4_pursued=1 & G4_achieved=0
		[UPDATE] true
		PRISM statement: [pursue_T5] G4_pursued=1 & G4_achieved=0 -> true
	[END OF STEP 1]
	[PURSUE GENERATION] G4 - STEP 2
		[EXECUTION DETAIL: SKIP] Skipping condition generation for itself on runtime guard generation step
		PRISM statement: [pursue_G4] G4_pursued=0 & G4_achieved=0 -> (G4_pursued'=1)
	[END OF STEP 2]
	[PURSUE GENERATION] T5 - STEP 2
		[TRACE] T5: and goal detected
		[EXECUTION DETAIL: SKIP] Skipping condition generation for T5 on runtime guard generation step, no execution detail
		PRISM statement: [pursue_T5] G4_pursued=1 & G4_achieved=0 -> true
	[END OF STEP 2]
		[TRACE] G4: no activation context guard detected
		[EXECUTION DETAIL: CONTEXT] Guard statement: G4 has no activation context
		PRISM statement: [pursue_G4] G4_pursued=0 & G4_achieved=0 -> (G4_pursued'=1)
	[END OF STEP 3]
		[TRACE] T5: activation context guard detected
		[EXECUTION DETAIL: CONTEXT] Guard statement: 
		PRISM statement: [pursue_T5] G4_pursued=1 & G4_achieved=0 & R2=true -> true
	[END OF STEP 3]
	[END OF PURSUE]
	[END OF PURSUE]
	[ACHIEVE] Goal G4 achieved label
		[CONDITION] G4_pursued=1 & (T5_achieved=1)
		[UPDATE] (G4_pursued'=0) & (G4_achieved'=1);
		PRISM statement: [achieved_G4] G4_pursued=1 & (T5_achieved=1) -> (G4_pursued'=0) & (G4_achieved'=1);
	[END OF ACHIEVE]
	[SKIP] Goal G4 skipped label
		[CONDITION] G4_pursued=1 & T5_pursued=0
		[UPDATE] (G4_pursued'=0);
		PRISM statement: [skip_G4] G4_pursued=1 & T5_pursued=0 -> (G4_pursued'=0);
	[END OF SKIP]
[INIT GOAL] G5: Approach Nurse and Pickup Sample
	Children: G7, G8, G9
	Tasks: none
	Type: achieve
	Relation to children: and
	Execution detail: sequence
	[TRACE]: [G5] Emits module: G5
	[TRACE] G5.AND -> G5_achievable 
	[FORMULA DEFINITION] G5_achievable; guard statement: G7_achievable * G8_achievable * G9_achievable
		[PRISM emitted statement]: formula G5_achievable = G7_achievable * G8_achievable * G9_achievable;
	[VARIABLE DEFINITION] G5_pursued; initial value: 0; upper bound: 1; type: int
	[VARIABLE DEFINITION] G5_achieved; initial value: 0; upper bound: 1; type: int
	[PURSUE GENERATION] G5 - STEP 1
		[DEFAULT PURSUE CONDITION] [pursue_G5] G5_pursued=0 & G5_achieved=0
		[UPDATE] (G5_pursued'=1)
	[PURSUE GENERATION] G7 - STEP 1
		[DEFAULT PURSUE CONDITION] [pursue_G7] G5_pursued=1 & G5_achieved=0
		[UPDATE] true
		PRISM statement: [pursue_G7] G5_pursued=1 & G5_achieved=0 -> true
	[END OF STEP 1]
	[PURSUE GENERATION] G8 - STEP 1
		[DEFAULT PURSUE CONDITION] [pursue_G8] G5_pursued=1 & G5_achieved=0
		[UPDATE] true
		PRISM statement: [pursue_G8] G5_pursued=1 & G5_achieved=0 -> true
	[END OF STEP 1]
	[PURSUE GENERATION] G9 - STEP 1
		[DEFAULT PURSUE CONDITION] [pursue_G9] G5_pursued=1 & G5_achieved=0
		[UPDATE] true
		PRISM statement: [pursue_G9] G5_pursued=1 & G5_achieved=0 -> true
	[END OF STEP 1]
	[PURSUE GENERATION] G5 - STEP 2
		[EXECUTION DETAIL: SKIP] Skipping condition generation for itself on runtime guard generation step
		PRISM statement: [pursue_G5] G5_pursued=0 & G5_achieved=0 -> (G5_pursued'=1)
	[END OF STEP 2]
	[PURSUE GENERATION] G7 - STEP 2
		[TRACE] G7: and goal detected
		[TRACE] G7: sequence execution detail detected
		[EXECUTION DETAIL: SEQUENCE] G5: Curr G7;
			[LEFT GOALS] - should be achieved:  none
			[RIGHT GOALS] - should be not achieved: G8, G9
		PRISM statement: [pursue_G7] G5_pursued=1 & G5_achieved=0 & G7_achieved=0 -> true
	[END OF STEP 2]
	[PURSUE GENERATION] G8 - STEP 2
		[TRACE] G8: and goal detected
		[TRACE] G8: sequence execution detail detected
		[EXECUTION DETAIL: SEQUENCE] G5: Curr G8;
			[LEFT GOALS] - should be achieved:  G7
			[RIGHT GOALS] - should be not achieved: G9
		PRISM statement: [pursue_G8] G5_pursued=1 & G5_achieved=0 & G7_achieved=1 & G9_achieved=0 -> true
	[END OF STEP 2]
	[PURSUE GENERATION] G9 - STEP 2
		[TRACE] G9: and goal detected
		[TRACE] G9: sequence execution detail detected
		[EXECUTION DETAIL: SEQUENCE] G5: Curr G9;
			[LEFT GOALS] - should be achieved:  G7, G8
			[RIGHT GOALS] - should be not achieved: 
		PRISM statement: [pursue_G9] G5_pursued=1 & G5_achieved=0 & G7_achieved=1 & G8_achieved=1 -> true
	[END OF STEP 2]
		[TRACE] G5: no activation context guard detected
		[EXECUTION DETAIL: CONTEXT] Guard statement: G5 has no activation context
		PRISM statement: [pursue_G5] G5_pursued=0 & G5_achieved=0 -> (G5_pursued'=1)
	[END OF STEP 3]
		[TRACE] G7: no activation context guard detected
		[EXECUTION DETAIL: CONTEXT] Guard statement: G7 has no activation context
		PRISM statement: [pursue_G7] G5_pursued=1 & G5_achieved=0 & G7_achieved=0 -> true
	[END OF STEP 3]
		[TRACE] G8: no activation context guard detected
		[EXECUTION DETAIL: CONTEXT] Guard statement: G8 has no activation context
		PRISM statement: [pursue_G8] G5_pursued=1 & G5_achieved=0 & G7_achieved=1 & G9_achieved=0 -> true
	[END OF STEP 3]
		[TRACE] G9: no activation context guard detected
		[EXECUTION DETAIL: CONTEXT] Guard statement: G9 has no activation context
		PRISM statement: [pursue_G9] G5_pursued=1 & G5_achieved=0 & G7_achieved=1 & G8_achieved=1 -> true
	[END OF STEP 3]
	[END OF PURSUE]
	[END OF PURSUE]
	[END OF PURSUE]
	[END OF PURSUE]
	[ACHIEVE] Goal G5 achieved label
		[CONDITION] G5_pursued=1 & (G7_achieved=1 & G8_achieved=1 & G9_achieved=1)
		[UPDATE] (G5_pursued'=0) & (G5_achieved'=1);
		PRISM statement: [achieved_G5] G5_pursued=1 & (G7_achieved=1 & G8_achieved=1 & G9_achieved=1) -> (G5_pursued'=0) & (G5_achieved'=1);
	[END OF ACHIEVE]
	[SKIP] Goal G5 skipped label
		[CONDITION] G5_pursued=1 & G7_pursued=0 & G8_pursued=0 & G9_pursued=0
		[UPDATE] (G5_pursued'=0);
		PRISM statement: [skip_G5] G5_pursued=1 & G7_pursued=0 & G8_pursued=0 & G9_pursued=0 -> (G5_pursued'=0);
	[END OF SKIP]
[INIT GOAL] G6: Deliver Sample to Lab
	Children: G10, G11, G12
	Tasks: none
	Type: achieve
	Relation to children: and
	Execution detail: sequence
	[TRACE]: [G6] Emits module: G6
	[TRACE] G6.AND -> G6_achievable 
	[FORMULA DEFINITION] G6_achievable; guard statement: G10_achievable * G11_achievable * G12_achievable
		[PRISM emitted statement]: formula G6_achievable = G10_achievable * G11_achievable * G12_achievable;
	[VARIABLE DEFINITION] G6_pursued; initial value: 0; upper bound: 1; type: int
	[VARIABLE DEFINITION] G6_achieved; initial value: 0; upper bound: 1; type: int
	[PURSUE GENERATION] G6 - STEP 1
		[DEFAULT PURSUE CONDITION] [pursue_G6] G6_pursued=0 & G6_achieved=0
		[UPDATE] (G6_pursued'=1)
	[PURSUE GENERATION] G10 - STEP 1
		[DEFAULT PURSUE CONDITION] [pursue_G10] G6_pursued=1 & G6_achieved=0
		[UPDATE] true
		PRISM statement: [pursue_G10] G6_pursued=1 & G6_achieved=0 -> true
	[END OF STEP 1]
	[PURSUE GENERATION] G11 - STEP 1
		[DEFAULT PURSUE CONDITION] [pursue_G11] G6_pursued=1 & G6_achieved=0
		[UPDATE] true
		PRISM statement: [pursue_G11] G6_pursued=1 & G6_achieved=0 -> true
	[END OF STEP 1]
	[PURSUE GENERATION] G12 - STEP 1
		[DEFAULT PURSUE CONDITION] [pursue_G12] G6_pursued=1 & G6_achieved=0
		[UPDATE] true
		PRISM statement: [pursue_G12] G6_pursued=1 & G6_achieved=0 -> true
	[END OF STEP 1]
	[PURSUE GENERATION] G6 - STEP 2
		[EXECUTION DETAIL: SKIP] Skipping condition generation for itself on runtime guard generation step
		PRISM statement: [pursue_G6] G6_pursued=0 & G6_achieved=0 -> (G6_pursued'=1)
	[END OF STEP 2]
	[PURSUE GENERATION] G10 - STEP 2
		[TRACE] G10: and goal detected
		[TRACE] G10: sequence execution detail detected
		[EXECUTION DETAIL: SEQUENCE] G6: Curr G10;
			[LEFT GOALS] - should be achieved:  none
			[RIGHT GOALS] - should be not achieved: G11, G12
		PRISM statement: [pursue_G10] G6_pursued=1 & G6_achieved=0 & G10_achieved=0 -> true
	[END OF STEP 2]
	[PURSUE GENERATION] G11 - STEP 2
		[TRACE] G11: and goal detected
		[TRACE] G11: sequence execution detail detected
		[EXECUTION DETAIL: SEQUENCE] G6: Curr G11;
			[LEFT GOALS] - should be achieved:  G10
			[RIGHT GOALS] - should be not achieved: G12
		PRISM statement: [pursue_G11] G6_pursued=1 & G6_achieved=0 & G10_achieved=1 & G12_achieved=0 -> true
	[END OF STEP 2]
	[PURSUE GENERATION] G12 - STEP 2
		[TRACE] G12: and goal detected
		[TRACE] G12: sequence execution detail detected
		[EXECUTION DETAIL: SEQUENCE] G6: Curr G12;
			[LEFT GOALS] - should be achieved:  G10, G11
			[RIGHT GOALS] - should be not achieved: 
		PRISM statement: [pursue_G12] G6_pursued=1 & G6_achieved=0 & G10_achieved=1 & G11_achieved_maintain=true -> true
	[END OF STEP 2]
		[TRACE] G6: no activation context guard detected
		[EXECUTION DETAIL: CONTEXT] Guard statement: G6 has no activation context
		PRISM statement: [pursue_G6] G6_pursued=0 & G6_achieved=0 -> (G6_pursued'=1)
	[END OF STEP 3]
		[TRACE] G10: no activation context guard detected
		[EXECUTION DETAIL: CONTEXT] Guard statement: G10 has no activation context
		PRISM statement: [pursue_G10] G6_pursued=1 & G6_achieved=0 & G10_achieved=0 -> true
	[END OF STEP 3]
		[TRACE] G11: activation context guard detected
		[EXECUTION DETAIL: CONTEXT] Guard statement: G11_achieved_maintain=false
		PRISM statement: [pursue_G11] G6_pursued=1 & G6_achieved=0 & G10_achieved=1 & G12_achieved=0 & G11_achieved_maintain=false -> true
	[END OF STEP 3]
		[TRACE] G12: no activation context guard detected
		[EXECUTION DETAIL: CONTEXT] Guard statement: G12 has no activation context
		PRISM statement: [pursue_G12] G6_pursued=1 & G6_achieved=0 & G10_achieved=1 & G11_achieved_maintain=true -> true
	[END OF STEP 3]
	[END OF PURSUE]
	[END OF PURSUE]
	[END OF PURSUE]
	[END OF PURSUE]
	[ACHIEVE] Goal G6 achieved label
		[CONDITION] G6_pursued=1 & (G10_achieved=1 & G11_achieved_maintain=true & G12_achieved=1)
		[UPDATE] (G6_pursued'=0) & (G6_achieved'=1);
		PRISM statement: [achieved_G6] G6_pursued=1 & (G10_achieved=1 & G11_achieved_maintain=true & G12_achieved=1) -> (G6_pursued'=0) & (G6_achieved'=1);
	[END OF ACHIEVE]
	[SKIP] Goal G6 skipped label
		[CONDITION] G6_pursued=1 & G10_pursued=0 & G11_pursued=0 & G12_pursued=0
		[UPDATE] (G6_pursued'=0);
		PRISM statement: [skip_G6] G6_pursued=1 & G10_pursued=0 & G11_pursued=0 & G12_pursued=0 -> (G6_pursued'=0);
	[END OF SKIP]
[INIT GOAL] G7: Approach the Nurse
	Children: none
	Tasks: T2
	Type: achieve
	Relation to children: and
	Execution detail: none
	[TRACE]: [G7] Emits module: G7
	[TRACE] G7.SINGLE_GOAL -> G7_achievable 
	[FORMULA DEFINITION] G7_achievable; guard statement: T2_achievable
		[PRISM emitted statement]: formula G7_achievable = T2_achievable;
	[VARIABLE DEFINITION] G7_pursued; initial value: 0; upper bound: 1; type: int
	[VARIABLE DEFINITION] G7_achieved; initial value: 0; upper bound: 1; type: int
	[PURSUE GENERATION] G7 - STEP 1
		[DEFAULT PURSUE CONDITION] [pursue_G7] G7_pursued=0 & G7_achieved=0
		[UPDATE] (G7_pursued'=1)
	[PURSUE GENERATION] T2 - STEP 1
		[DEFAULT PURSUE CONDITION] [pursue_T2] G7_pursued=1 & G7_achieved=0
		[UPDATE] true
		PRISM statement: [pursue_T2] G7_pursued=1 & G7_achieved=0 -> true
	[END OF STEP 1]
	[PURSUE GENERATION] G7 - STEP 2
		[EXECUTION DETAIL: SKIP] Skipping condition generation for itself on runtime guard generation step
		PRISM statement: [pursue_G7] G7_pursued=0 & G7_achieved=0 -> (G7_pursued'=1)
	[END OF STEP 2]
	[PURSUE GENERATION] T2 - STEP 2
		[TRACE] T2: and goal detected
		[EXECUTION DETAIL: SKIP] Skipping condition generation for T2 on runtime guard generation step, no execution detail
		PRISM statement: [pursue_T2] G7_pursued=1 & G7_achieved=0 -> true
	[END OF STEP 2]
		[TRACE] G7: no activation context guard detected
		[EXECUTION DETAIL: CONTEXT] Guard statement: G7 has no activation context
		PRISM statement: [pursue_G7] G7_pursued=0 & G7_achieved=0 -> (G7_pursued'=1)
	[END OF STEP 3]
		[TRACE] T2: activation context guard detected
		[EXECUTION DETAIL: CONTEXT] Guard statement: 
		PRISM statement: [pursue_T2] G7_pursued=1 & G7_achieved=0 & R1>=2 -> true
	[END OF STEP 3]
	[END OF PURSUE]
	[END OF PURSUE]
	[ACHIEVE] Goal G7 achieved label
		[CONDITION] G7_pursued=1 & (T2_achieved=1)
		[UPDATE] (G7_pursued'=0) & (G7_achieved'=1);
		PRISM statement: [achieved_G7] G7_pursued=1 & (T2_achieved=1) -> (G7_pursued'=0) & (G7_achieved'=1);
	[END OF ACHIEVE]
	[SKIP] Goal G7 skipped label
		[CONDITION] G7_pursued=1 & T2_pursued=0
		[UPDATE] (G7_pursued'=0);
		PRISM statement: [skip_G7] G7_pursued=1 & T2_pursued=0 -> (G7_pursued'=0);
	[END OF SKIP]
[INIT GOAL] G8: Scan Sample Barcode
	Children: none
	Tasks: T3
	Type: achieve
	Relation to children: and
	Execution detail: none
	[TRACE]: [G8] Emits module: G8
	[TRACE] G8.SINGLE_GOAL -> G8_achievable 
	[FORMULA DEFINITION] G8_achievable; guard statement: T3_achievable
		[PRISM emitted statement]: formula G8_achievable = T3_achievable;
	[VARIABLE DEFINITION] G8_pursued; initial value: 0; upper bound: 1; type: int
	[VARIABLE DEFINITION] G8_achieved; initial value: 0; upper bound: 1; type: int
	[PURSUE GENERATION] G8 - STEP 1
		[DEFAULT PURSUE CONDITION] [pursue_G8] G8_pursued=0 & G8_achieved=0
		[UPDATE] (G8_pursued'=1)
	[PURSUE GENERATION] T3 - STEP 1
		[DEFAULT PURSUE CONDITION] [pursue_T3] G8_pursued=1 & G8_achieved=0
		[UPDATE] true
		PRISM statement: [pursue_T3] G8_pursued=1 & G8_achieved=0 -> true
	[END OF STEP 1]
	[PURSUE GENERATION] G8 - STEP 2
		[EXECUTION DETAIL: SKIP] Skipping condition generation for itself on runtime guard generation step
		PRISM statement: [pursue_G8] G8_pursued=0 & G8_achieved=0 -> (G8_pursued'=1)
	[END OF STEP 2]
	[PURSUE GENERATION] T3 - STEP 2
		[TRACE] T3: and goal detected
		[EXECUTION DETAIL: SKIP] Skipping condition generation for T3 on runtime guard generation step, no execution detail
		PRISM statement: [pursue_T3] G8_pursued=1 & G8_achieved=0 -> true
	[END OF STEP 2]
		[TRACE] G8: no activation context guard detected
		[EXECUTION DETAIL: CONTEXT] Guard statement: G8 has no activation context
		PRISM statement: [pursue_G8] G8_pursued=0 & G8_achieved=0 -> (G8_pursued'=1)
	[END OF STEP 3]
		[TRACE] T3: activation context guard detected
		[EXECUTION DETAIL: CONTEXT] Guard statement: 
		PRISM statement: [pursue_T3] G8_pursued=1 & G8_achieved=0 & R1>=1 -> true
	[END OF STEP 3]
	[END OF PURSUE]
	[END OF PURSUE]
	[ACHIEVE] Goal G8 achieved label
		[CONDITION] G8_pursued=1 & (T3_achieved=1)
		[UPDATE] (G8_pursued'=0) & (G8_achieved'=1);
		PRISM statement: [achieved_G8] G8_pursued=1 & (T3_achieved=1) -> (G8_pursued'=0) & (G8_achieved'=1);
	[END OF ACHIEVE]
	[SKIP] Goal G8 skipped label
		[CONDITION] G8_pursued=1 & T3_pursued=0
		[UPDATE] (G8_pursued'=0);
		PRISM statement: [skip_G8] G8_pursued=1 & T3_pursued=0 -> (G8_pursued'=0);
	[END OF SKIP]
[INIT GOAL] G9: Pickup Sample
	Children: none
	Tasks: T4
	Type: achieve
	Relation to children: and
	Execution detail: none
	[TRACE]: [G9] Emits module: G9
	[TRACE] G9.SINGLE_GOAL -> G9_achievable 
	[FORMULA DEFINITION] G9_achievable; guard statement: T4_achievable
		[PRISM emitted statement]: formula G9_achievable = T4_achievable;
	[VARIABLE DEFINITION] G9_pursued; initial value: 0; upper bound: 1; type: int
	[VARIABLE DEFINITION] G9_achieved; initial value: 0; upper bound: 1; type: int
	[PURSUE GENERATION] G9 - STEP 1
		[DEFAULT PURSUE CONDITION] [pursue_G9] G9_pursued=0 & G9_achieved=0
		[UPDATE] (G9_pursued'=1)
	[PURSUE GENERATION] T4 - STEP 1
		[DEFAULT PURSUE CONDITION] [pursue_T4] G9_pursued=1 & G9_achieved=0
		[UPDATE] true
		PRISM statement: [pursue_T4] G9_pursued=1 & G9_achieved=0 -> true
	[END OF STEP 1]
	[PURSUE GENERATION] G9 - STEP 2
		[EXECUTION DETAIL: SKIP] Skipping condition generation for itself on runtime guard generation step
		PRISM statement: [pursue_G9] G9_pursued=0 & G9_achieved=0 -> (G9_pursued'=1)
	[END OF STEP 2]
	[PURSUE GENERATION] T4 - STEP 2
		[TRACE] T4: and goal detected
		[EXECUTION DETAIL: SKIP] Skipping condition generation for T4 on runtime guard generation step, no execution detail
		PRISM statement: [pursue_T4] G9_pursued=1 & G9_achieved=0 -> true
	[END OF STEP 2]
		[TRACE] G9: no activation context guard detected
		[EXECUTION DETAIL: CONTEXT] Guard statement: G9 has no activation context
		PRISM statement: [pursue_G9] G9_pursued=0 & G9_achieved=0 -> (G9_pursued'=1)
	[END OF STEP 3]
		[TRACE] T4: activation context guard detected
		[EXECUTION DETAIL: CONTEXT] Guard statement: 
		PRISM statement: [pursue_T4] G9_pursued=1 & G9_achieved=0 & R1>=2&R2=true -> true
	[END OF STEP 3]
	[END OF PURSUE]
	[END OF PURSUE]
	[ACHIEVE] Goal G9 achieved label
		[CONDITION] G9_pursued=1 & (T4_achieved=1)
		[UPDATE] (G9_pursued'=0) & (G9_achieved'=1);
		PRISM statement: [achieved_G9] G9_pursued=1 & (T4_achieved=1) -> (G9_pursued'=0) & (G9_achieved'=1);
	[END OF ACHIEVE]
	[SKIP] Goal G9 skipped label
		[CONDITION] G9_pursued=1 & T4_pursued=0
		[UPDATE] (G9_pursued'=0);
		PRISM statement: [skip_G9] G9_pursued=1 & T4_pursued=0 -> (G9_pursued'=0);
	[END OF SKIP]
[INIT GOAL] G10: Approach the Lab
	Children: none
	Tasks: T6
	Type: achieve
	Relation to children: and
	Execution detail: none
	[TRACE]: [G10] Emits module: G10
	[TRACE] G10.SINGLE_GOAL -> G10_achievable 
	[FORMULA DEFINITION] G10_achievable; guard statement: T6_achievable
		[PRISM emitted statement]: formula G10_achievable = T6_achievable;
	[VARIABLE DEFINITION] G10_pursued; initial value: 0; upper bound: 1; type: int
	[VARIABLE DEFINITION] G10_achieved; initial value: 0; upper bound: 1; type: int
	[PURSUE GENERATION] G10 - STEP 1
		[DEFAULT PURSUE CONDITION] [pursue_G10] G10_pursued=0 & G10_achieved=0
		[UPDATE] (G10_pursued'=1)
	[PURSUE GENERATION] T6 - STEP 1
		[DEFAULT PURSUE CONDITION] [pursue_T6] G10_pursued=1 & G10_achieved=0
		[UPDATE] true
		PRISM statement: [pursue_T6] G10_pursued=1 & G10_achieved=0 -> true
	[END OF STEP 1]
	[PURSUE GENERATION] G10 - STEP 2
		[EXECUTION DETAIL: SKIP] Skipping condition generation for itself on runtime guard generation step
		PRISM statement: [pursue_G10] G10_pursued=0 & G10_achieved=0 -> (G10_pursued'=1)
	[END OF STEP 2]
	[PURSUE GENERATION] T6 - STEP 2
		[TRACE] T6: and goal detected
		[EXECUTION DETAIL: SKIP] Skipping condition generation for T6 on runtime guard generation step, no execution detail
		PRISM statement: [pursue_T6] G10_pursued=1 & G10_achieved=0 -> true
	[END OF STEP 2]
		[TRACE] G10: no activation context guard detected
		[EXECUTION DETAIL: CONTEXT] Guard statement: G10 has no activation context
		PRISM statement: [pursue_G10] G10_pursued=0 & G10_achieved=0 -> (G10_pursued'=1)
	[END OF STEP 3]
		[TRACE] T6: activation context guard detected
		[EXECUTION DETAIL: CONTEXT] Guard statement: 
		PRISM statement: [pursue_T6] G10_pursued=1 & G10_achieved=0 & R1>=2 -> true
	[END OF STEP 3]
	[END OF PURSUE]
	[END OF PURSUE]
	[ACHIEVE] Goal G10 achieved label
		[CONDITION] G10_pursued=1 & (T6_achieved=1)
		[UPDATE] (G10_pursued'=0) & (G10_achieved'=1);
		PRISM statement: [achieved_G10] G10_pursued=1 & (T6_achieved=1) -> (G10_pursued'=0) & (G10_achieved'=1);
	[END OF ACHIEVE]
	[SKIP] Goal G10 skipped label
		[CONDITION] G10_pursued=1 & T6_pursued=0
		[UPDATE] (G10_pursued'=0);
		PRISM statement: [skip_G10] G10_pursued=1 & T6_pursued=0 -> (G10_pursued'=0);
	[END OF SKIP]
[INIT GOAL] G11: Monitor Sample Data
	Children: none
	Tasks: T7, T8
	Type: maintain
	Relation to children: and
	Execution detail: sequence
	[TRACE]: [G11] Emits module: G11
	[TRACE] G11.maintainCondition -> G11_achieved_maintain 
	[FORMULA DEFINITION] G11_achieved_maintain; guard statement: analysisEnded
		[PRISM emitted statement]: formula G11_achieved_maintain = analysisEnded;
	[TRACE] G11.AND -> G11_achievable 
	[FORMULA DEFINITION] G11_achievable; guard statement: T7_achievable * T8_achievable
		[PRISM emitted statement]: formula G11_achievable = T7_achievable * T8_achievable;
	[VARIABLE DEFINITION] G11_pursued; initial value: 0; upper bound: 1; type: int
	[PURSUE GENERATION] G11 - STEP 1
		[DEFAULT PURSUE CONDITION] [pursue_G11] G11_pursued=0 & G11_achieved_maintain=false
		[UPDATE] (G11_pursued'=1)
	[PURSUE GENERATION] T7 - STEP 1
		[DEFAULT PURSUE CONDITION] [pursue_T7] G11_pursued=1 & G11_achieved_maintain=false
		[UPDATE] true
		PRISM statement: [pursue_T7] G11_pursued=1 & G11_achieved_maintain=false -> true
	[END OF STEP 1]
	[PURSUE GENERATION] T8 - STEP 1
		[DEFAULT PURSUE CONDITION] [pursue_T8] G11_pursued=1 & G11_achieved_maintain=false
		[UPDATE] true
		PRISM statement: [pursue_T8] G11_pursued=1 & G11_achieved_maintain=false -> true
	[END OF STEP 1]
	[PURSUE GENERATION] G11 - STEP 2
		[EXECUTION DETAIL: SKIP] Skipping condition generation for itself on runtime guard generation step
		PRISM statement: [pursue_G11] G11_pursued=0 & G11_achieved_maintain=false -> (G11_pursued'=1)
	[END OF STEP 2]
	[PURSUE GENERATION] T7 - STEP 2
		[TRACE] T7: and goal detected
		[TRACE] T7: sequence execution detail detected
		[EXECUTION DETAIL: SEQUENCE] G11: Curr T7;
			[LEFT GOALS] - should be achieved:  none
			[RIGHT GOALS] - should be not achieved: T8
		PRISM statement: [pursue_T7] G11_pursued=1 & G11_achieved_maintain=false & T7_achieved=0 -> true
	[END OF STEP 2]
	[PURSUE GENERATION] T8 - STEP 2
		[TRACE] T8: and goal detected
		[TRACE] T8: sequence execution detail detected
		[EXECUTION DETAIL: SEQUENCE] G11: Curr T8;
			[LEFT GOALS] - should be achieved:  T7
			[RIGHT GOALS] - should be not achieved: 
		PRISM statement: [pursue_T8] G11_pursued=1 & G11_achieved_maintain=false & T7_achieved=1 -> true
	[END OF STEP 2]
		[TRACE] G11: activation context guard detected
		[EXECUTION DETAIL: CONTEXT] Guard statement: 
		PRISM statement: [pursue_G11] G11_pursued=0 & G11_achieved_maintain=false & sampleLoaded -> (G11_pursued'=1)
	[END OF STEP 3]
		[TRACE] T7: activation context guard detected
		[EXECUTION DETAIL: CONTEXT] Guard statement: 
		PRISM statement: [pursue_T7] G11_pursued=1 & G11_achieved_maintain=false & T7_achieved=0 & sampleLoaded -> true
	[END OF STEP 3]
		[TRACE] T8: no activation context guard detected
		[EXECUTION DETAIL: CONTEXT] Guard statement: T8 has no activation context
		PRISM statement: [pursue_T8] G11_pursued=1 & G11_achieved_maintain=false & T7_achieved=1 -> true
	[END OF STEP 3]
	[END OF PURSUE]
	[END OF PURSUE]
	[END OF PURSUE]
	[ACHIEVE] Goal G11 achieved label
		[CONDITION] G11_pursued=1 & (T7_achieved=1 & T8_achieved=1)
		[UPDATE] (G11_pursued'=0);
		PRISM statement: [achieved_G11] G11_pursued=1 & (T7_achieved=1 & T8_achieved=1) -> (G11_pursued'=0);
	[END OF ACHIEVE]
	[SKIP] Goal G11 skipped label
		[CONDITION] G11_pursued=1 & T7_pursued=0 & T8_pursued=0
		[UPDATE] (G11_pursued'=0);
		PRISM statement: [skip_G11] G11_pursued=1 & T7_pursued=0 & T8_pursued=0 -> (G11_pursued'=0);
	[END OF SKIP]
[INIT GOAL] G12: Give sample to Robotic Arm
	Children: none
	Tasks: T9
	Type: achieve
	Relation to children: and
	Execution detail: none
	[TRACE]: [G12] Emits module: G12
	[TRACE] G12.SINGLE_GOAL -> G12_achievable 
	[FORMULA DEFINITION] G12_achievable; guard statement: T9_achievable
		[PRISM emitted statement]: formula G12_achievable = T9_achievable;
	[VARIABLE DEFINITION] G12_pursued; initial value: 0; upper bound: 1; type: int
	[VARIABLE DEFINITION] G12_achieved; initial value: 0; upper bound: 1; type: int
	[PURSUE GENERATION] G12 - STEP 1
		[DEFAULT PURSUE CONDITION] [pursue_G12] G12_pursued=0 & G12_achieved=0
		[UPDATE] (G12_pursued'=1)
	[PURSUE GENERATION] T9 - STEP 1
		[DEFAULT PURSUE CONDITION] [pursue_T9] G12_pursued=1 & G12_achieved=0
		[UPDATE] true
		PRISM statement: [pursue_T9] G12_pursued=1 & G12_achieved=0 -> true
	[END OF STEP 1]
	[PURSUE GENERATION] G12 - STEP 2
		[EXECUTION DETAIL: SKIP] Skipping condition generation for itself on runtime guard generation step
		PRISM statement: [pursue_G12] G12_pursued=0 & G12_achieved=0 -> (G12_pursued'=1)
	[END OF STEP 2]
	[PURSUE GENERATION] T9 - STEP 2
		[TRACE] T9: and goal detected
		[EXECUTION DETAIL: SKIP] Skipping condition generation for T9 on runtime guard generation step, no execution detail
		PRISM statement: [pursue_T9] G12_pursued=1 & G12_achieved=0 -> true
	[END OF STEP 2]
		[TRACE] G12: no activation context guard detected
		[EXECUTION DETAIL: CONTEXT] Guard statement: G12 has no activation context
		PRISM statement: [pursue_G12] G12_pursued=0 & G12_achieved=0 -> (G12_pursued'=1)
	[END OF STEP 3]
		[TRACE] T9: activation context guard detected
		[EXECUTION DETAIL: CONTEXT] Guard statement: 
		PRISM statement: [pursue_T9] G12_pursued=1 & G12_achieved=0 & R1>=2 -> true
	[END OF STEP 3]
	[END OF PURSUE]
	[END OF PURSUE]
	[ACHIEVE] Goal G12 achieved label
		[CONDITION] G12_pursued=1 & (T9_achieved=1)
		[UPDATE] (G12_pursued'=0) & (G12_achieved'=1);
		PRISM statement: [achieved_G12] G12_pursued=1 & (T9_achieved=1) -> (G12_pursued'=0) & (G12_achieved'=1);
	[END OF ACHIEVE]
	[SKIP] Goal G12 skipped label
		[CONDITION] G12_pursued=1 & T9_pursued=0
		[UPDATE] (G12_pursued'=0);
		PRISM statement: [skip_G12] G12_pursued=1 & T9_pursued=0 -> (G12_pursued'=0);
	[END OF SKIP]
[INIT GOAL] G13: Prepare sample
	Children: G3, G4
	Tasks: none
	Type: achieve
	Relation to children: or
	Execution detail: choice
	[TRACE]: [G13] Emits module: G13
	[TRACE] G13.OR -> G13_achievable 
	[FORMULA DEFINITION] G13_achievable; guard statement: G3_achievable + G4_achievable - (G3_achievable * G4_achievable)
		[PRISM emitted statement]: formula G13_achievable = G3_achievable + G4_achievable - (G3_achievable * G4_achievable);
	[VARIABLE DEFINITION] G13_pursued; initial value: 0; upper bound: 1; type: int
	[VARIABLE DEFINITION] G13_achieved; initial value: 0; upper bound: 1; type: int
	[VARIABLE DEFINITION] G13_chosen; initial value: 0; upper bound: 2; type: int
	[PURSUE GENERATION] G13 - STEP 1
		[DEFAULT PURSUE CONDITION] [pursue_G13] G13_pursued=0 & G13_achieved=0
		[UPDATE] (G13_pursued'=1)
	[PURSUE GENERATION] G3 - STEP 1
		[DEFAULT PURSUE CONDITION] [pursue_G3] G13_pursued=1 & G13_achieved=0
		[UPDATE] true
		PRISM statement: [pursue_G3] G13_pursued=1 & G13_achieved=0 -> true
	[END OF STEP 1]
	[PURSUE GENERATION] G4 - STEP 1
		[DEFAULT PURSUE CONDITION] [pursue_G4] G13_pursued=1 & G13_achieved=0
		[UPDATE] true
		PRISM statement: [pursue_G4] G13_pursued=1 & G13_achieved=0 -> true
	[END OF STEP 1]
	[PURSUE GENERATION] G13 - STEP 2
		[EXECUTION DETAIL: SKIP] Skipping condition generation for itself on runtime guard generation step
		PRISM statement: [pursue_G13] G13_pursued=0 & G13_achieved=0 -> (G13_pursued'=1)
	[END OF STEP 2]
	[PURSUE GENERATION] G3 - STEP 2
		[TRACE] G3: or goal detected
[TRACE] G3: choice execution detail detected with children
		[EXECUTION DETAIL: CHOICE]
			[CURRENT GOAL] G3
			[OTHER GOALS] G4
			[GUARD STATEMENT] G13_chosen!=2
		PRISM statement: [pursue_G3] G13_pursued=1 & G13_achieved=0 & G13_chosen!=2 -> (G13_chosen'=1)
	[END OF STEP 2]
	[PURSUE GENERATION] G4 - STEP 2
		[TRACE] G4: or goal detected
[TRACE] G4: choice execution detail detected with children
		[EXECUTION DETAIL: CHOICE]
			[CURRENT GOAL] G4
			[OTHER GOALS] G3
			[GUARD STATEMENT] G13_chosen!=1
		PRISM statement: [pursue_G4] G13_pursued=1 & G13_achieved=0 & G13_chosen!=1 -> (G13_chosen'=2)
	[END OF STEP 2]
		[TRACE] G13: no activation context guard detected
		[EXECUTION DETAIL: CONTEXT] Guard statement: G13 has no activation context
		PRISM statement: [pursue_G13] G13_pursued=0 & G13_achieved=0 -> (G13_pursued'=1)
	[END OF STEP 3]
		[TRACE] G3: no activation context guard detected
		[EXECUTION DETAIL: CONTEXT] Guard statement: G3 has no activation context
		PRISM statement: [pursue_G3] G13_pursued=1 & G13_achieved=0 & G13_chosen!=2 -> (G13_chosen'=1)
	[END OF STEP 3]
		[TRACE] G4: no activation context guard detected
		[EXECUTION DETAIL: CONTEXT] Guard statement: G4 has no activation context
		PRISM statement: [pursue_G4] G13_pursued=1 & G13_achieved=0 & G13_chosen!=1 -> (G13_chosen'=2)
	[END OF STEP 3]
	[END OF PURSUE]
	[END OF PURSUE]
	[END OF PURSUE]
	[ACHIEVE] Goal G13 achieved label
		[CONDITION] G13_pursued=1 & (G3_achieved=1 | G4_achieved=1)
		[UPDATE] (G13_pursued'=0) & (G13_achieved'=1);
		PRISM statement: [achieved_G13] G13_pursued=1 & (G3_achieved=1 | G4_achieved=1) -> (G13_pursued'=0) & (G13_achieved'=1);
	[END OF ACHIEVE]
	[SKIP] Goal G13 skipped label
		[CONDITION] G13_pursued=1 & G3_pursued=0 & G4_pursued=0
		[UPDATE] (G13_pursued'=0);
		PRISM statement: [skip_G13] G13_pursued=1 & G3_pursued=0 & G4_pursued=0 -> (G13_pursued'=0);
	[END OF SKIP]
[CHANGE MANAGER MODULE START]
	[TASK ACHIEVABILITY CONSTANT] T1: T1_achievable = 0.8
	[TASK ACHIEVABILITY CONSTANT] T2: T2_achievable = 0.8
	[TASK ACHIEVABILITY CONSTANT] T3: T3_achievable = 0.8
	[TASK ACHIEVABILITY CONSTANT] T4: T4_achievable = 0.8
	[TASK ACHIEVABILITY CONSTANT] T5: T5_achievable = 0.8
	[TASK ACHIEVABILITY CONSTANT] T6: T6_achievable = 0.8
	[TASK ACHIEVABILITY CONSTANT] T7: T7_achievable = 0.8
	[TASK ACHIEVABILITY CONSTANT] T8: T8_achievable = 0.8
	[TASK ACHIEVABILITY CONSTANT] T9: T9_achievable = 0.8
[INIT TASK] T1: Process Lab Sample Delivery Request
	Resources: R0
	[VARIABLE DEFINITION] T1_pursued; initial value: 0; upper bound: 1; type: int
	[VARIABLE DEFINITION] T1_achieved; initial value: 0; upper bound: 1; type: int
	[PURSUE] Task T1 PURSUE label
		[CONDITION] T1_pursued=0 & T1_achieved=0
		[UPDATE] (T1_pursued'=1)
		PRISM statement: [pursue_T1] T1_pursued=0 & T1_achieved=0 -> (T1_pursued'=1);
	[END OF PURSUE]
	[TRY] Task T1 TRY label
		[CONDITION] [try_T1] T1_pursued=1 & T1_achieved=0
		[UPDATE] T1_achievable: (T1_achieved'=1) + 1-T1_achievable: (T1_pursued'=0);
		PRISM statement: [try_T1] T1_pursued=1 & T1_achieved=0 -> T1_achievable: (T1_achieved'=1) + 1-T1_achievable: (T1_pursued'=0);
	[END OF TRY]
	[ACHIEVE] Task T1 ACHIEVE label
		[CONDITION] T1_pursued=1 & T1_achieved=1
		[UPDATE] true
		PRISM statement: [achieved_T1] T1_pursued=1 & T1_achieved=1 -> true;
	[END OF ACHIEVE]
[INIT TASK] T2: Navigate to Nurse Position
	Resources: R1
	[VARIABLE DEFINITION] T2_pursued; initial value: 0; upper bound: 1; type: int
	[VARIABLE DEFINITION] T2_achieved; initial value: 0; upper bound: 1; type: int
	[PURSUE] Task T2 PURSUE label
		[CONDITION] T2_pursued=0 & T2_achieved=0
		[UPDATE] (T2_pursued'=1)
		PRISM statement: [pursue_T2] T2_pursued=0 & T2_achieved=0 -> (T2_pursued'=1);
	[END OF PURSUE]
	[TRY] Task T2 TRY label
		[CONDITION] [try_T2] T2_pursued=1 & T2_achieved=0
		[UPDATE] T2_achievable: (T2_achieved'=1) + 1-T2_achievable: (T2_pursued'=0);
		PRISM statement: [try_T2] T2_pursued=1 & T2_achieved=0 -> T2_achievable: (T2_achieved'=1) + 1-T2_achievable: (T2_pursued'=0);
	[END OF TRY]
	[ACHIEVE] Task T2 ACHIEVE label
		[CONDITION] T2_pursued=1 & T2_achieved=1
		[UPDATE] true
		PRISM statement: [achieved_T2] T2_pursued=1 & T2_achieved=1 -> true;
	[END OF ACHIEVE]
[INIT TASK] T3: Barcode Scanner Service
	Resources: R1
	[VARIABLE DEFINITION] T3_pursued; initial value: 0; upper bound: 1; type: int
	[VARIABLE DEFINITION] T3_achieved; initial value: 0; upper bound: 1; type: int
	[PURSUE] Task T3 PURSUE label
		[CONDITION] T3_pursued=0 & T3_achieved=0
		[UPDATE] (T3_pursued'=1)
		PRISM statement: [pursue_T3] T3_pursued=0 & T3_achieved=0 -> (T3_pursued'=1);
	[END OF PURSUE]
	[TRY] Task T3 TRY label
		[CONDITION] [try_T3] T3_pursued=1 & T3_achieved=0
		[UPDATE] T3_achievable: (T3_achieved'=1) + 1-T3_achievable: (T3_pursued'=0);
		PRISM statement: [try_T3] T3_pursued=1 & T3_achieved=0 -> T3_achievable: (T3_achieved'=1) + 1-T3_achievable: (T3_pursued'=0);
	[END OF TRY]
	[ACHIEVE] Task T3 ACHIEVE label
		[CONDITION] T3_pursued=1 & T3_achieved=1
		[UPDATE] true
		PRISM statement: [achieved_T3] T3_pursued=1 & T3_achieved=1 -> true;
	[END OF ACHIEVE]
[INIT TASK] T4: Pickup Task
	Resources: R1, R2
	[VARIABLE DEFINITION] T4_pursued; initial value: 0; upper bound: 1; type: int
	[VARIABLE DEFINITION] T4_achieved; initial value: 0; upper bound: 1; type: int
	[PURSUE] Task T4 PURSUE label
		[CONDITION] T4_pursued=0 & T4_achieved=0
		[UPDATE] (T4_pursued'=1)
		PRISM statement: [pursue_T4] T4_pursued=0 & T4_achieved=0 -> (T4_pursued'=1);
	[END OF PURSUE]
	[TRY] Task T4 TRY label
		[CONDITION] [try_T4] T4_pursued=1 & T4_achieved=0
		[UPDATE] T4_achievable: (T4_achieved'=1) + 1-T4_achievable: (T4_pursued'=0);
		PRISM statement: [try_T4] T4_pursued=1 & T4_achieved=0 -> T4_achievable: (T4_achieved'=1) + 1-T4_achievable: (T4_pursued'=0);
	[END OF TRY]
	[ACHIEVE] Task T4 ACHIEVE label
		[CONDITION] T4_pursued=1 & T4_achieved=1
		[UPDATE] true
		PRISM statement: [achieved_T4] T4_pursued=1 & T4_achieved=1 -> true;
	[END OF ACHIEVE]
[INIT TASK] T5: Load Sample Manually
	Resources: R2
	[VARIABLE DEFINITION] T5_pursued; initial value: 0; upper bound: 1; type: int
	[VARIABLE DEFINITION] T5_achieved; initial value: 0; upper bound: 1; type: int
	[PURSUE] Task T5 PURSUE label
		[CONDITION] T5_pursued=0 & T5_achieved=0
		[UPDATE] (T5_pursued'=1)
		PRISM statement: [pursue_T5] T5_pursued=0 & T5_achieved=0 -> (T5_pursued'=1);
	[END OF PURSUE]
	[TRY] Task T5 TRY label
		[CONDITION] [try_T5] T5_pursued=1 & T5_achieved=0
		[UPDATE] T5_achievable: (T5_achieved'=1) + 1-T5_achievable: (T5_pursued'=0);
		PRISM statement: [try_T5] T5_pursued=1 & T5_achieved=0 -> T5_achievable: (T5_achieved'=1) + 1-T5_achievable: (T5_pursued'=0);
	[END OF TRY]
	[ACHIEVE] Task T5 ACHIEVE label
		[CONDITION] T5_pursued=1 & T5_achieved=1
		[UPDATE] true
		PRISM statement: [achieved_T5] T5_pursued=1 & T5_achieved=1 -> true;
	[END OF ACHIEVE]
[INIT TASK] T6: Navigate to Lab Position
	Resources: R1
	[VARIABLE DEFINITION] T6_pursued; initial value: 0; upper bound: 1; type: int
	[VARIABLE DEFINITION] T6_achieved; initial value: 0; upper bound: 1; type: int
	[PURSUE] Task T6 PURSUE label
		[CONDITION] T6_pursued=0 & T6_achieved=0
		[UPDATE] (T6_pursued'=1)
		PRISM statement: [pursue_T6] T6_pursued=0 & T6_achieved=0 -> (T6_pursued'=1);
	[END OF PURSUE]
	[TRY] Task T6 TRY label
		[CONDITION] [try_T6] T6_pursued=1 & T6_achieved=0
		[UPDATE] T6_achievable: (T6_achieved'=1) + 1-T6_achievable: (T6_pursued'=0);
		PRISM statement: [try_T6] T6_pursued=1 & T6_achieved=0 -> T6_achievable: (T6_achieved'=1) + 1-T6_achievable: (T6_pursued'=0);
	[END OF TRY]
	[ACHIEVE] Task T6 ACHIEVE label
		[CONDITION] T6_pursued=1 & T6_achieved=1
		[UPDATE] true
		PRISM statement: [achieved_T6] T6_pursued=1 & T6_achieved=1 -> true;
	[END OF ACHIEVE]
[INIT TASK] T7: Track Sample Location
	Resources: none
	[VARIABLE DEFINITION] T7_pursued; initial value: 0; upper bound: 1; type: int
	[VARIABLE DEFINITION] T7_achieved; initial value: 0; upper bound: 1; type: int
	[PURSUE] Task T7 PURSUE label
		[CONDITION] T7_pursued=0 & T7_achieved=0
		[UPDATE] (T7_pursued'=1)
		PRISM statement: [pursue_T7] T7_pursued=0 & T7_achieved=0 -> (T7_pursued'=1);
	[END OF PURSUE]
	[TRY] Task T7 TRY label
		[CONDITION] [try_T7] T7_pursued=1 & T7_achieved=0
		[UPDATE] T7_achievable: (T7_achieved'=1) + 1-T7_achievable: (T7_pursued'=0);
		PRISM statement: [try_T7] T7_pursued=1 & T7_achieved=0 -> T7_achievable: (T7_achieved'=1) + 1-T7_achievable: (T7_pursued'=0);
	[END OF TRY]
	[ACHIEVE] Task T7 ACHIEVE label
		[CONDITION] T7_pursued=1 & T7_achieved=1
		[UPDATE] true
		PRISM statement: [achieved_T7] T7_pursued=1 & T7_achieved=1 -> true;
	[END OF ACHIEVE]
[INIT TASK] T8: Monitor Sample Temperature
	Resources: none
	[VARIABLE DEFINITION] T8_pursued; initial value: 0; upper bound: 1; type: int
	[VARIABLE DEFINITION] T8_achieved; initial value: 0; upper bound: 1; type: int
	[PURSUE] Task T8 PURSUE label
		[CONDITION] T8_pursued=0 & T8_achieved=0
		[UPDATE] (T8_pursued'=1)
		PRISM statement: [pursue_T8] T8_pursued=0 & T8_achieved=0 -> (T8_pursued'=1);
	[END OF PURSUE]
	[TRY] Task T8 TRY label
		[CONDITION] [try_T8] T8_pursued=1 & T8_achieved=0
		[UPDATE] T8_achievable: (T8_achieved'=1) + 1-T8_achievable: (T8_pursued'=0);
		PRISM statement: [try_T8] T8_pursued=1 & T8_achieved=0 -> T8_achievable: (T8_achieved'=1) + 1-T8_achievable: (T8_pursued'=0);
	[END OF TRY]
	[ACHIEVE] Task T8 ACHIEVE label
		[CONDITION] T8_pursued=1 & T8_achieved=1
		[UPDATE] true
		PRISM statement: [achieved_T8] T8_pursued=1 & T8_achieved=1 -> true;
	[END OF ACHIEVE]
[INIT TASK] T9: Delivery Task
	Resources: R1
	[VARIABLE DEFINITION] T9_pursued; initial value: 0; upper bound: 1; type: int
	[VARIABLE DEFINITION] T9_achieved; initial value: 0; upper bound: 1; type: int
	[PURSUE] Task T9 PURSUE label
		[CONDITION] T9_pursued=0 & T9_achieved=0
		[UPDATE] (T9_pursued'=1)
		PRISM statement: [pursue_T9] T9_pursued=0 & T9_achieved=0 -> (T9_pursued'=1);
	[END OF PURSUE]
	[TRY] Task T9 TRY label
		[CONDITION] [try_T9] T9_pursued=1 & T9_achieved=0
		[UPDATE] T9_achievable: (T9_achieved'=1) + 1-T9_achievable: (T9_pursued'=0);
		PRISM statement: [try_T9] T9_pursued=1 & T9_achieved=0 -> T9_achievable: (T9_achieved'=1) + 1-T9_achievable: (T9_pursued'=0);
	[END OF TRY]
	[ACHIEVE] Task T9 ACHIEVE label
		[CONDITION] T9_pursued=1 & T9_achieved=1
		[UPDATE] true
		PRISM statement: [achieved_T9] T9_pursued=1 & T9_achieved=1 -> true;
	[END OF ACHIEVE]
[INIT SYSTEM MODULE]
	[VARIABLE DEFINITION] R0; initial value: true; type: boolean
	[VARIABLE DEFINITION] R1; initial value: 5; upper bound: 5; type: int
	[VARIABLE DEFINITION] R2; initial value: true; type: boolean
	[VARIABLE DEFINITION] sampleLoaded; initial value: true; type: boolean
	[VARIABLE DEFINITION] analysisEnded; initial value: true; type: boolean
----------------------------------------
[LOGGER SUMMARY] examples/labSamplesWithSideEffect.txt
----------GOAL SUMMARY----------
[GOAL MODULES] 14
[GOAL VARIABLES] 27
[GOAL PURSUE LINES] 36
[GOAL ACHIEVED LINES] 14
[GOAL SKIPPED LINES] 14
[GOAL ACHIEVABILITY FORMULAS] 14
[GOAL MAINTAIN FORMULAS] 2
----------CHANGE MANAGER SUMMARY----------
[TASKS VARIABLES] 18
[TASKS LABELS] 27
[TASKS TRY LINES] 9
[TASKS FAILED LINES] 0
[TASKS ACHIEVED LINES] 9
[TASKS SKIPPED LINES] 9
[TASKS ACHIEVABILITY CONSTANTS] 9
----------SYSTEM SUMMARY----------
[SYSTEM VARIABLES] 5
[SYSTEM RESOURCES] 3
[SYSTEM CONTEXT VARIABLES] 2
----------------------------------------
